[I 2026-04-27 11:22:42,464] Trial 166 finished with value: 0.8382267614227157 and parameters: {'use_hpf': 1, 'use_batchnorm': 1, 'hpf_sigma': 1.0257464924340507, 'bottleneck_dim': 184, 'n_enc_layers': 2, 'n_dec_layers': 5, 'base_channels': 63, 'growth_factor': 2.1561126887481157, 'lr': 0.0001344600860713048, 'batch_size': 16}. Best is trial 140 with value: 0.8606652115254063.
[W 2026-04-27 11:22:42,802] The parameter `hpf_sigma` in Trial#175 is sampled independently using `RandomSampler` instead of `TPESampler`, potentially degrading the optimization performance. This fallback happend because dynamic search space is not supported for `multivariate=True`. You can suppress this warning by setting `warn_independent_sampling` to `False` in the constructor of `TPESampler` if this independent sampling is intended behavior.
[I 2026-04-27 11:32:26,306] Trial 175 pruned. 
[W 2026-04-27 11:32:26,658] The parameter `hpf_sigma` in Trial#176 is sampled independently using `RandomSampler` instead of `TPESampler`, potentially degrading the optimization performance. This fallback happend because dynamic search space is not supported for `multivariate=True`. You can suppress this warning by setting `warn_independent_sampling` to `False` in the constructor of `TPESampler` if this independent sampling is intended behavior.
[I 2026-04-27 11:39:57,943] Trial 176 pruned. 
[W 2026-04-27 11:39:58,300] The parameter `hpf_sigma` in Trial#178 is sampled independently using `RandomSampler` instead of `TPESampler`, potentially degrading the optimization performance. This fallback happend because dynamic search space is not supported for `multivariate=True`. You can suppress this warning by setting `warn_independent_sampling` to `False` in the constructor of `TPESampler` if this independent sampling is intended behavior.
[I 2026-04-27 11:46:53,494] Trial 178 pruned. 
[W 2026-04-27 11:46:53,802] The parameter `hpf_sigma` in Trial#181 is sampled independently using `RandomSampler` instead of `TPESampler`, potentially degrading the optimization performance. This fallback happend because dynamic search space is not supported for `multivariate=True`. You can suppress this warning by setting `warn_independent_sampling` to `False` in the constructor of `TPESampler` if this independent sampling is intended behavior.
[I 2026-04-27 12:10:11,529] Trial 181 finished with value: 0.838896661100083 and parameters: {'use_hpf': 1, 'use_batchnorm': 1, 'hpf_sigma': 1.0095009305922495, 'bottleneck_dim': 130, 'n_enc_layers': 2, 'n_dec_layers': 3, 'base_channels': 39, 'growth_factor': 2.177416829835542, 'lr': 0.0002445729706539737, 'batch_size': 24}. Best is trial 140 with value: 0.8606652115254063.
[I 2026-04-27 12:19:47,125] Trial 186 finished with value: 0.0 and parameters: {'use_hpf': 0, 'use_batchnorm': 0, 'bottleneck_dim': 90, 'n_enc_layers': 4, 'n_dec_layers': 3, 'base_channels': 44, 'growth_factor': 2.2573245853454296, 'lr': 0.004325480223077106, 'batch_size': 64}. Best is trial 140 with value: 0.8606652115254063.
[I 2026-04-27 12:28:12,160] Trial 188 pruned. 
[W 2026-04-27 12:28:12,478] The parameter `hpf_sigma` in Trial#189 is sampled independently using `RandomSampler` instead of `TPESampler`, potentially degrading the optimization performance. This fallback happend because dynamic search space is not supported for `multivariate=True`. You can suppress this warning by setting `warn_independent_sampling` to `False` in the constructor of `TPESampler` if this independent sampling is intended behavior.
[I 2026-04-27 12:48:15,061] Trial 189 finished with value: 0.8320232669830931 and parameters: {'use_hpf': 1, 'use_batchnorm': 1, 'hpf_sigma': 1.0461890571329269, 'bottleneck_dim': 150, 'n_enc_layers': 3, 'n_dec_layers': 4, 'base_channels': 60, 'growth_factor': 2.2236787578283783, 'lr': 0.0003884169887176046, 'batch_size': 8}. Best is trial 140 with value: 0.8606652115254063.
[W 2026-04-27 12:48:15,376] The parameter `hpf_sigma` in Trial#193 is sampled independently using `RandomSampler` instead of `TPESampler`, potentially degrading the optimization performance. This fallback happend because dynamic search space is not supported for `multivariate=True`. You can suppress this warning by setting `warn_independent_sampling` to `False` in the constructor of `TPESampler` if this independent sampling is intended behavior.
[I 2026-04-27 13:05:14,259] Trial 193 finished with value: 0.8404023599259445 and parameters: {'use_hpf': 1, 'use_batchnorm': 1, 'hpf_sigma': 1.0703034303709575, 'bottleneck_dim': 190, 'n_enc_layers': 2, 'n_dec_layers': 4, 'base_channels': 63, 'growth_factor': 2.0244379300499475, 'lr': 0.0005298567150324529, 'batch_size': 8}. Best is trial 140 with value: 0.8606652115254063.
[W 2026-04-27 13:05:14,580] The parameter `hpf_sigma` in Trial#195 is sampled independently using `RandomSampler` instead of `TPESampler`, potentially degrading the optimization performance. This fallback happend because dynamic search space is not supported for `multivariate=True`. You can suppress this warning by setting `warn_independent_sampling` to `False` in the constructor of `TPESampler` if this independent sampling is intended behavior.
[I 2026-04-27 13:14:15,683] Trial 195 pruned. 
[W 2026-04-27 13:14:15,996] The parameter `hpf_sigma` in Trial#196 is sampled independently using `RandomSampler` instead of `TPESampler`, potentially degrading the optimization performance. This fallback happend because dynamic search space is not supported for `multivariate=True`. You can suppress this warning by setting `warn_independent_sampling` to `False` in the constructor of `TPESampler` if this independent sampling is intended behavior.
[I 2026-04-27 13:22:40,676] Trial 196 pruned. 
[W 2026-04-27 13:22:41,208] The parameter `hpf_sigma` in Trial#197 is sampled independently using `RandomSampler` instead of `TPESampler`, potentially degrading the optimization performance. This fallback happend because dynamic search space is not supported for `multivariate=True`. You can suppress this warning by setting `warn_independent_sampling` to `False` in the constructor of `TPESampler` if this independent sampling is intended behavior.
[I 2026-04-27 13:36:20,421] Trial 197 pruned. 
[I 2026-04-27 13:58:30,073] Trial 198 pruned. 
[I 2026-04-27 14:05:16,851] Trial 199 pruned. 
[worker 3 | 14:05:17] Worker done. Study totals: complete=101, pruned=99, failed=0, all=200
