[worker 1 | 23:51:22] Starting with gpu_id=1, n_trials=50
[worker 1 | 23:51:22] Study: name='ae_topology_v1', db=study_outputs/study.db
[worker 1 | 23:51:22] Output dir: study_outputs
[worker 1 | 23:51:22] HIP_VISIBLE_DEVICES set to 1
[worker 1 | 23:51:48] torch sees 1 GPU(s); cuda_available=True
[worker 1 | 23:51:48] Capped torch threads: num_threads=4, interop=2
/mnt/beegfs/mantis/jrathi/AE_Model_Thesis/ae_env/lib/python3.10/site-packages/optuna/_experimental.py:33: ExperimentalWarning: Argument ``multivariate`` is an experimental feature. The interface can change in the future.
  optuna_warn(
/mnt/beegfs/mantis/jrathi/AE_Model_Thesis/ae_env/lib/python3.10/site-packages/optuna/_experimental.py:33: ExperimentalWarning: Argument ``constant_liar`` is an experimental feature. The interface can change in the future.
  optuna_warn(
[I 2026-04-26 23:51:59,344] Using an existing study with name 'ae_topology_v1' instead of creating a new one.
[worker 1 | 23:51:59] Resuming study 'ae_topology_v1' from study_outputs/study.db
[worker 1 | 23:51:59]   trials already on disk: 0 (completed or pruned: 0)
[worker 1 | 23:51:59]   sampler : TPESampler(n_startup=20, seed=None, constant_liar=True, multivariate=True)
[worker 1 | 23:51:59]   pruner  : MedianPruner(n_startup=20, n_warmup_steps=50)
[worker 1 | 23:51:59] Entering study.optimize for 50 trials
[I 2026-04-27 00:02:12,892] Trial 2 finished with value: 0.0 and parameters: {'use_hpf': 0, 'use_batchnorm': 0, 'bottleneck_dim': 19, 'n_enc_layers': 4, 'n_dec_layers': 4, 'base_channels': 44, 'growth_factor': 2.611340384809732, 'lr': 0.0031391872110110254, 'batch_size': 24}. Best is trial 0 with value: 0.8286546818024274.
[I 2026-04-27 00:14:55,254] Trial 6 finished with value: 0.7941100961405338 and parameters: {'use_hpf': 1, 'use_batchnorm': 0, 'hpf_sigma': 7.359972358401298, 'bottleneck_dim': 181, 'n_enc_layers': 2, 'n_dec_layers': 2, 'base_channels': 23, 'growth_factor': 2.254880996313912, 'lr': 3.087514344726402e-05, 'batch_size': 56}. Best is trial 0 with value: 0.8286546818024274.
[I 2026-04-27 00:16:34,316] Trial 7 finished with value: 0.0 and parameters: {'use_hpf': 0, 'use_batchnorm': 0, 'bottleneck_dim': 166, 'n_enc_layers': 5, 'n_dec_layers': 2, 'base_channels': 16, 'growth_factor': 1.6651953099750374, 'lr': 0.007429918056258866, 'batch_size': 8}. Best is trial 0 with value: 0.8286546818024274.
[I 2026-04-27 00:21:15,408] Trial 8 finished with value: 0.8089221547166532 and parameters: {'use_hpf': 1, 'use_batchnorm': 0, 'hpf_sigma': 4.6374360068416705, 'bottleneck_dim': 65, 'n_enc_layers': 4, 'n_dec_layers': 3, 'base_channels': 9, 'growth_factor': 2.1442009642692166, 'lr': 2.8908599335841103e-05, 'batch_size': 24}. Best is trial 0 with value: 0.8286546818024274.
[I 2026-04-27 00:41:40,614] Trial 10 finished with value: 0.8255524523999804 and parameters: {'use_hpf': 1, 'use_batchnorm': 1, 'hpf_sigma': 7.914860458850601, 'bottleneck_dim': 227, 'n_enc_layers': 2, 'n_dec_layers': 5, 'base_channels': 47, 'growth_factor': 1.5854829871358653, 'lr': 0.00011509145137905113, 'batch_size': 48}. Best is trial 5 with value: 0.8347251129309925.
[I 2026-04-27 00:45:43,838] Trial 14 finished with value: 0.832017165701824 and parameters: {'use_hpf': 0, 'use_batchnorm': 1, 'bottleneck_dim': 126, 'n_enc_layers': 2, 'n_dec_layers': 2, 'base_channels': 12, 'growth_factor': 2.502249876889296, 'lr': 0.0005433067084048485, 'batch_size': 32}. Best is trial 5 with value: 0.8347251129309925.
[I 2026-04-27 01:07:44,803] Trial 15 finished with value: 0.8247474365547907 and parameters: {'use_hpf': 1, 'use_batchnorm': 1, 'hpf_sigma': 7.561877481418238, 'bottleneck_dim': 62, 'n_enc_layers': 3, 'n_dec_layers': 4, 'base_channels': 57, 'growth_factor': 2.725285980285765, 'lr': 3.4469427203913295e-05, 'batch_size': 8}. Best is trial 5 with value: 0.8347251129309925.
[I 2026-04-27 01:12:31,491] Trial 20 finished with value: 0.8331159692205159 and parameters: {'use_hpf': 1, 'use_batchnorm': 1, 'hpf_sigma': 2.770084151477414, 'bottleneck_dim': 128, 'n_enc_layers': 2, 'n_dec_layers': 2, 'base_channels': 24, 'growth_factor': 2.400320433927986, 'lr': 0.0005356678628339591, 'batch_size': 32}. Best is trial 5 with value: 0.8347251129309925.
[I 2026-04-27 01:25:12,701] Trial 21 pruned. 
[I 2026-04-27 01:30:19,852] Trial 24 pruned. 
[I 2026-04-27 01:37:22,267] Trial 27 pruned. 
[W 2026-04-27 01:37:22,331] The parameter `hpf_sigma` in Trial#28 is sampled independently using `RandomSampler` instead of `TPESampler`, potentially degrading the optimization performance. This fallback happend because dynamic search space is not supported for `multivariate=True`. You can suppress this warning by setting `warn_independent_sampling` to `False` in the constructor of `TPESampler` if this independent sampling is intended behavior.
[I 2026-04-27 01:43:34,827] Trial 28 finished with value: 0.8332749558158385 and parameters: {'use_hpf': 1, 'use_batchnorm': 1, 'hpf_sigma': 2.493962056396722, 'bottleneck_dim': 63, 'n_enc_layers': 2, 'n_dec_layers': 2, 'base_channels': 32, 'growth_factor': 2.3299336244611, 'lr': 0.0019278311039885884, 'batch_size': 40}. Best is trial 26 with value: 0.8403375278448537.
[W 2026-04-27 01:43:34,893] The parameter `hpf_sigma` in Trial#30 is sampled independently using `RandomSampler` instead of `TPESampler`, potentially degrading the optimization performance. This fallback happend because dynamic search space is not supported for `multivariate=True`. You can suppress this warning by setting `warn_independent_sampling` to `False` in the constructor of `TPESampler` if this independent sampling is intended behavior.
[I 2026-04-27 02:08:47,950] Trial 30 pruned. 
[W 2026-04-27 02:08:48,028] The parameter `hpf_sigma` in Trial#34 is sampled independently using `RandomSampler` instead of `TPESampler`, potentially degrading the optimization performance. This fallback happend because dynamic search space is not supported for `multivariate=True`. You can suppress this warning by setting `warn_independent_sampling` to `False` in the constructor of `TPESampler` if this independent sampling is intended behavior.
[I 2026-04-27 02:12:23,882] Trial 34 finished with value: 0.8409849702240288 and parameters: {'use_hpf': 1, 'use_batchnorm': 1, 'hpf_sigma': 2.13859110618926, 'bottleneck_dim': 226, 'n_enc_layers': 2, 'n_dec_layers': 3, 'base_channels': 17, 'growth_factor': 2.800836537253921, 'lr': 0.001475538627379977, 'batch_size': 16}. Best is trial 34 with value: 0.8409849702240288.
[W 2026-04-27 02:12:23,959] The parameter `hpf_sigma` in Trial#35 is sampled independently using `RandomSampler` instead of `TPESampler`, potentially degrading the optimization performance. This fallback happend because dynamic search space is not supported for `multivariate=True`. You can suppress this warning by setting `warn_independent_sampling` to `False` in the constructor of `TPESampler` if this independent sampling is intended behavior.
[I 2026-04-27 02:15:40,594] Trial 35 finished with value: 0.8417283717217547 and parameters: {'use_hpf': 1, 'use_batchnorm': 1, 'hpf_sigma': 1.034295754153793, 'bottleneck_dim': 177, 'n_enc_layers': 2, 'n_dec_layers': 3, 'base_channels': 17, 'growth_factor': 2.9210444326318346, 'lr': 0.0028631794216701016, 'batch_size': 16}. Best is trial 35 with value: 0.8417283717217547.
[W 2026-04-27 02:15:40,658] The parameter `hpf_sigma` in Trial#37 is sampled independently using `RandomSampler` instead of `TPESampler`, potentially degrading the optimization performance. This fallback happend because dynamic search space is not supported for `multivariate=True`. You can suppress this warning by setting `warn_independent_sampling` to `False` in the constructor of `TPESampler` if this independent sampling is intended behavior.
[I 2026-04-27 02:19:08,945] Trial 37 finished with value: 0.8363621277526183 and parameters: {'use_hpf': 1, 'use_batchnorm': 1, 'hpf_sigma': 1.0560637530023838, 'bottleneck_dim': 217, 'n_enc_layers': 2, 'n_dec_layers': 3, 'base_channels': 13, 'growth_factor': 2.8733866287835594, 'lr': 0.0015233004580445446, 'batch_size': 8}. Best is trial 32 with value: 0.847150281527822.
[W 2026-04-27 02:19:09,004] The parameter `hpf_sigma` in Trial#39 is sampled independently using `RandomSampler` instead of `TPESampler`, potentially degrading the optimization performance. This fallback happend because dynamic search space is not supported for `multivariate=True`. You can suppress this warning by setting `warn_independent_sampling` to `False` in the constructor of `TPESampler` if this independent sampling is intended behavior.
[I 2026-04-27 02:21:43,247] Trial 39 finished with value: 0.8334590350045497 and parameters: {'use_hpf': 1, 'use_batchnorm': 0, 'hpf_sigma': 1.0281799876099216, 'bottleneck_dim': 191, 'n_enc_layers': 2, 'n_dec_layers': 3, 'base_channels': 9, 'growth_factor': 2.8417633829779465, 'lr': 0.003330733747337484, 'batch_size': 32}. Best is trial 32 with value: 0.847150281527822.
[W 2026-04-27 02:21:43,305] The parameter `hpf_sigma` in Trial#40 is sampled independently using `RandomSampler` instead of `TPESampler`, potentially degrading the optimization performance. This fallback happend because dynamic search space is not supported for `multivariate=True`. You can suppress this warning by setting `warn_independent_sampling` to `False` in the constructor of `TPESampler` if this independent sampling is intended behavior.
[I 2026-04-27 02:28:04,862] Trial 40 finished with value: 0.8453928069808587 and parameters: {'use_hpf': 1, 'use_batchnorm': 1, 'hpf_sigma': 3.187752307512409, 'bottleneck_dim': 144, 'n_enc_layers': 2, 'n_dec_layers': 4, 'base_channels': 23, 'growth_factor': 2.9323054883827475, 'lr': 0.0011059512442822142, 'batch_size': 32}. Best is trial 32 with value: 0.847150281527822.
[W 2026-04-27 02:28:04,924] The parameter `hpf_sigma` in Trial#43 is sampled independently using `RandomSampler` instead of `TPESampler`, potentially degrading the optimization performance. This fallback happend because dynamic search space is not supported for `multivariate=True`. You can suppress this warning by setting `warn_independent_sampling` to `False` in the constructor of `TPESampler` if this independent sampling is intended behavior.
[I 2026-04-27 02:31:17,728] Trial 43 pruned. 
[W 2026-04-27 02:31:17,797] The parameter `hpf_sigma` in Trial#45 is sampled independently using `RandomSampler` instead of `TPESampler`, potentially degrading the optimization performance. This fallback happend because dynamic search space is not supported for `multivariate=True`. You can suppress this warning by setting `warn_independent_sampling` to `False` in the constructor of `TPESampler` if this independent sampling is intended behavior.
[I 2026-04-27 02:36:07,632] Trial 45 finished with value: 0.8281447521819958 and parameters: {'use_hpf': 1, 'use_batchnorm': 0, 'hpf_sigma': 2.7991778601664317, 'bottleneck_dim': 90, 'n_enc_layers': 2, 'n_dec_layers': 4, 'base_channels': 29, 'growth_factor': 2.585454872246928, 'lr': 0.0004946230621410964, 'batch_size': 16}. Best is trial 32 with value: 0.847150281527822.
[I 2026-04-27 02:38:15,026] Trial 48 pruned. 
[W 2026-04-27 02:38:15,093] The parameter `hpf_sigma` in Trial#49 is sampled independently using `RandomSampler` instead of `TPESampler`, potentially degrading the optimization performance. This fallback happend because dynamic search space is not supported for `multivariate=True`. You can suppress this warning by setting `warn_independent_sampling` to `False` in the constructor of `TPESampler` if this independent sampling is intended behavior.
[I 2026-04-27 02:42:13,548] Trial 49 finished with value: 0.8317703836741555 and parameters: {'use_hpf': 1, 'use_batchnorm': 1, 'hpf_sigma': 2.370225623700213, 'bottleneck_dim': 164, 'n_enc_layers': 2, 'n_dec_layers': 3, 'base_channels': 19, 'growth_factor': 2.9730241483421027, 'lr': 0.00462673574162093, 'batch_size': 32}. Best is trial 32 with value: 0.847150281527822.
[W 2026-04-27 02:42:13,617] The parameter `hpf_sigma` in Trial#52 is sampled independently using `RandomSampler` instead of `TPESampler`, potentially degrading the optimization performance. This fallback happend because dynamic search space is not supported for `multivariate=True`. You can suppress this warning by setting `warn_independent_sampling` to `False` in the constructor of `TPESampler` if this independent sampling is intended behavior.
[I 2026-04-27 02:50:24,115] Trial 52 finished with value: 0.8333794128065799 and parameters: {'use_hpf': 1, 'use_batchnorm': 1, 'hpf_sigma': 2.387813373731456, 'bottleneck_dim': 146, 'n_enc_layers': 2, 'n_dec_layers': 4, 'base_channels': 40, 'growth_factor': 2.988941454841802, 'lr': 0.0005283228192605143, 'batch_size': 16}. Best is trial 32 with value: 0.847150281527822.
[W 2026-04-27 02:50:24,180] The parameter `hpf_sigma` in Trial#56 is sampled independently using `RandomSampler` instead of `TPESampler`, potentially degrading the optimization performance. This fallback happend because dynamic search space is not supported for `multivariate=True`. You can suppress this warning by setting `warn_independent_sampling` to `False` in the constructor of `TPESampler` if this independent sampling is intended behavior.
[I 2026-04-27 03:18:45,352] Trial 56 finished with value: 0.8387424581384313 and parameters: {'use_hpf': 1, 'use_batchnorm': 1, 'hpf_sigma': 1.00779519285679, 'bottleneck_dim': 40, 'n_enc_layers': 4, 'n_dec_layers': 5, 'base_channels': 60, 'growth_factor': 1.5801630612299926, 'lr': 7.413245773372758e-05, 'batch_size': 40}. Best is trial 32 with value: 0.847150281527822.
[W 2026-04-27 03:18:45,417] The parameter `hpf_sigma` in Trial#65 is sampled independently using `RandomSampler` instead of `TPESampler`, potentially degrading the optimization performance. This fallback happend because dynamic search space is not supported for `multivariate=True`. You can suppress this warning by setting `warn_independent_sampling` to `False` in the constructor of `TPESampler` if this independent sampling is intended behavior.
[I 2026-04-27 03:24:27,326] Trial 65 pruned. 
[W 2026-04-27 03:24:27,391] The parameter `hpf_sigma` in Trial#66 is sampled independently using `RandomSampler` instead of `TPESampler`, potentially degrading the optimization performance. This fallback happend because dynamic search space is not supported for `multivariate=True`. You can suppress this warning by setting `warn_independent_sampling` to `False` in the constructor of `TPESampler` if this independent sampling is intended behavior.
[I 2026-04-27 03:26:16,803] Trial 66 pruned. 
[W 2026-04-27 03:26:16,868] The parameter `hpf_sigma` in Trial#67 is sampled independently using `RandomSampler` instead of `TPESampler`, potentially degrading the optimization performance. This fallback happend because dynamic search space is not supported for `multivariate=True`. You can suppress this warning by setting `warn_independent_sampling` to `False` in the constructor of `TPESampler` if this independent sampling is intended behavior.
[I 2026-04-27 03:42:32,641] Trial 67 finished with value: 0.8443567540419794 and parameters: {'use_hpf': 1, 'use_batchnorm': 1, 'hpf_sigma': 1.0258962925451423, 'bottleneck_dim': 230, 'n_enc_layers': 5, 'n_dec_layers': 3, 'base_channels': 55, 'growth_factor': 1.606234125096155, 'lr': 0.0009723734177286401, 'batch_size': 16}. Best is trial 63 with value: 0.8509793368031386.
[W 2026-04-27 03:42:32,704] The parameter `hpf_sigma` in Trial#71 is sampled independently using `RandomSampler` instead of `TPESampler`, potentially degrading the optimization performance. This fallback happend because dynamic search space is not supported for `multivariate=True`. You can suppress this warning by setting `warn_independent_sampling` to `False` in the constructor of `TPESampler` if this independent sampling is intended behavior.
[I 2026-04-27 03:51:24,035] Trial 71 finished with value: 0.8391904201290721 and parameters: {'use_hpf': 1, 'use_batchnorm': 1, 'hpf_sigma': 1.0296773689482466, 'bottleneck_dim': 232, 'n_enc_layers': 5, 'n_dec_layers': 3, 'base_channels': 40, 'growth_factor': 1.644671205616723, 'lr': 0.0009039650627616746, 'batch_size': 8}. Best is trial 63 with value: 0.8509793368031386.
[I 2026-04-27 04:00:26,256] Trial 72 pruned. 
[W 2026-04-27 04:00:26,327] The parameter `hpf_sigma` in Trial#75 is sampled independently using `RandomSampler` instead of `TPESampler`, potentially degrading the optimization performance. This fallback happend because dynamic search space is not supported for `multivariate=True`. You can suppress this warning by setting `warn_independent_sampling` to `False` in the constructor of `TPESampler` if this independent sampling is intended behavior.
[I 2026-04-27 04:13:19,820] Trial 75 finished with value: 0.8385826408522314 and parameters: {'use_hpf': 1, 'use_batchnorm': 1, 'hpf_sigma': 1.0477960436042528, 'bottleneck_dim': 153, 'n_enc_layers': 4, 'n_dec_layers': 5, 'base_channels': 34, 'growth_factor': 2.082436296015791, 'lr': 0.00010614847327522289, 'batch_size': 8}. Best is trial 63 with value: 0.8509793368031386.
[W 2026-04-27 04:13:19,888] The parameter `hpf_sigma` in Trial#78 is sampled independently using `RandomSampler` instead of `TPESampler`, potentially degrading the optimization performance. This fallback happend because dynamic search space is not supported for `multivariate=True`. You can suppress this warning by setting `warn_independent_sampling` to `False` in the constructor of `TPESampler` if this independent sampling is intended behavior.
[I 2026-04-27 04:24:15,185] Trial 78 finished with value: 0.8376786486664547 and parameters: {'use_hpf': 1, 'use_batchnorm': 1, 'hpf_sigma': 1.0549307349203207, 'bottleneck_dim': 176, 'n_enc_layers': 4, 'n_dec_layers': 3, 'base_channels': 43, 'growth_factor': 1.771235970129016, 'lr': 6.268774139231014e-05, 'batch_size': 8}. Best is trial 63 with value: 0.8509793368031386.
[W 2026-04-27 04:24:15,416] The parameter `hpf_sigma` in Trial#80 is sampled independently using `RandomSampler` instead of `TPESampler`, potentially degrading the optimization performance. This fallback happend because dynamic search space is not supported for `multivariate=True`. You can suppress this warning by setting `warn_independent_sampling` to `False` in the constructor of `TPESampler` if this independent sampling is intended behavior.
[I 2026-04-27 04:42:23,744] Trial 80 pruned. 
[W 2026-04-27 04:42:23,817] The parameter `hpf_sigma` in Trial#83 is sampled independently using `RandomSampler` instead of `TPESampler`, potentially degrading the optimization performance. This fallback happend because dynamic search space is not supported for `multivariate=True`. You can suppress this warning by setting `warn_independent_sampling` to `False` in the constructor of `TPESampler` if this independent sampling is intended behavior.
[I 2026-04-27 04:58:58,182] Trial 83 finished with value: 0.8419349941421972 and parameters: {'use_hpf': 1, 'use_batchnorm': 1, 'hpf_sigma': 1.0225504560985983, 'bottleneck_dim': 210, 'n_enc_layers': 5, 'n_dec_layers': 4, 'base_channels': 50, 'growth_factor': 1.9716764163643568, 'lr': 0.00015031116679612471, 'batch_size': 8}. Best is trial 63 with value: 0.8509793368031386.
[W 2026-04-27 04:58:58,254] The parameter `hpf_sigma` in Trial#86 is sampled independently using `RandomSampler` instead of `TPESampler`, potentially degrading the optimization performance. This fallback happend because dynamic search space is not supported for `multivariate=True`. You can suppress this warning by setting `warn_independent_sampling` to `False` in the constructor of `TPESampler` if this independent sampling is intended behavior.
[I 2026-04-27 05:19:15,431] Trial 86 pruned. 
[W 2026-04-27 05:19:15,508] The parameter `hpf_sigma` in Trial#90 is sampled independently using `RandomSampler` instead of `TPESampler`, potentially degrading the optimization performance. This fallback happend because dynamic search space is not supported for `multivariate=True`. You can suppress this warning by setting `warn_independent_sampling` to `False` in the constructor of `TPESampler` if this independent sampling is intended behavior.
[I 2026-04-27 05:21:54,835] Trial 90 pruned. 
[W 2026-04-27 05:21:54,909] The parameter `hpf_sigma` in Trial#91 is sampled independently using `RandomSampler` instead of `TPESampler`, potentially degrading the optimization performance. This fallback happend because dynamic search space is not supported for `multivariate=True`. You can suppress this warning by setting `warn_independent_sampling` to `False` in the constructor of `TPESampler` if this independent sampling is intended behavior.
[I 2026-04-27 05:25:21,658] Trial 91 pruned. 
[W 2026-04-27 05:25:21,725] The parameter `hpf_sigma` in Trial#93 is sampled independently using `RandomSampler` instead of `TPESampler`, potentially degrading the optimization performance. This fallback happend because dynamic search space is not supported for `multivariate=True`. You can suppress this warning by setting `warn_independent_sampling` to `False` in the constructor of `TPESampler` if this independent sampling is intended behavior.
[I 2026-04-27 05:30:15,463] Trial 93 pruned. 
[W 2026-04-27 05:30:15,525] The parameter `hpf_sigma` in Trial#95 is sampled independently using `RandomSampler` instead of `TPESampler`, potentially degrading the optimization performance. This fallback happend because dynamic search space is not supported for `multivariate=True`. You can suppress this warning by setting `warn_independent_sampling` to `False` in the constructor of `TPESampler` if this independent sampling is intended behavior.
