[worker 3 | 23:51:22] Starting with gpu_id=3, n_trials=50
[worker 3 | 23:51:22] Study: name='ae_topology_v1', db=study_outputs/study.db
[worker 3 | 23:51:22] Output dir: study_outputs
[worker 3 | 23:51:22] HIP_VISIBLE_DEVICES set to 3
[worker 3 | 23:51:48] torch sees 1 GPU(s); cuda_available=True
[worker 3 | 23:51:48] Capped torch threads: num_threads=4, interop=2
/mnt/beegfs/mantis/jrathi/AE_Model_Thesis/ae_env/lib/python3.10/site-packages/optuna/_experimental.py:33: ExperimentalWarning: Argument ``multivariate`` is an experimental feature. The interface can change in the future.
  optuna_warn(
/mnt/beegfs/mantis/jrathi/AE_Model_Thesis/ae_env/lib/python3.10/site-packages/optuna/_experimental.py:33: ExperimentalWarning: Argument ``constant_liar`` is an experimental feature. The interface can change in the future.
  optuna_warn(
[I 2026-04-26 23:51:59,324] Using an existing study with name 'ae_topology_v1' instead of creating a new one.
[worker 3 | 23:51:59] Resuming study 'ae_topology_v1' from study_outputs/study.db
[worker 3 | 23:51:59]   trials already on disk: 0 (completed or pruned: 0)
[worker 3 | 23:51:59]   sampler : TPESampler(n_startup=20, seed=None, constant_liar=True, multivariate=True)
[worker 3 | 23:51:59]   pruner  : MedianPruner(n_startup=20, n_warmup_steps=50)
[worker 3 | 23:51:59] Entering study.optimize for 50 trials
[I 2026-04-27 00:01:34,904] Trial 0 finished with value: 0.8286546818024274 and parameters: {'use_hpf': 0, 'use_batchnorm': 1, 'bottleneck_dim': 223, 'n_enc_layers': 3, 'n_dec_layers': 2, 'base_channels': 9, 'growth_factor': 2.5394681375214825, 'lr': 0.0007601204294125417, 'batch_size': 8}. Best is trial 0 with value: 0.8286546818024274.
[I 2026-04-27 00:17:45,047] Trial 4 finished with value: 0.8182296258740156 and parameters: {'use_hpf': 0, 'use_batchnorm': 1, 'bottleneck_dim': 236, 'n_enc_layers': 2, 'n_dec_layers': 2, 'base_channels': 50, 'growth_factor': 1.8733884074688965, 'lr': 0.0031986628712762522, 'batch_size': 40}. Best is trial 0 with value: 0.8286546818024274.
[I 2026-04-27 00:55:36,291] Trial 9 finished with value: 0.0 and parameters: {'use_hpf': 1, 'use_batchnorm': 0, 'hpf_sigma': 3.083487501057065, 'bottleneck_dim': 133, 'n_enc_layers': 5, 'n_dec_layers': 3, 'base_channels': 55, 'growth_factor': 1.8343469896373539, 'lr': 0.0017325757623238046, 'batch_size': 64}. Best is trial 5 with value: 0.8347251129309925.
[I 2026-04-27 01:25:03,156] Trial 17 finished with value: 0.8274199791658907 and parameters: {'use_hpf': 1, 'use_batchnorm': 0, 'hpf_sigma': 6.776057522782004, 'bottleneck_dim': 178, 'n_enc_layers': 5, 'n_dec_layers': 4, 'base_channels': 31, 'growth_factor': 2.2016314867014213, 'lr': 0.00021275914009897826, 'batch_size': 24}. Best is trial 5 with value: 0.8347251129309925.
[W 2026-04-27 01:25:03,572] The parameter `hpf_sigma` in Trial#23 is sampled independently using `RandomSampler` instead of `TPESampler`, potentially degrading the optimization performance. This fallback happend because dynamic search space is not supported for `multivariate=True`. You can suppress this warning by setting `warn_independent_sampling` to `False` in the constructor of `TPESampler` if this independent sampling is intended behavior.
[I 2026-04-27 02:08:40,388] Trial 23 finished with value: 0.8362435299206259 and parameters: {'use_hpf': 1, 'use_batchnorm': 1, 'hpf_sigma': 1.3226390353741044, 'bottleneck_dim': 115, 'n_enc_layers': 5, 'n_dec_layers': 5, 'base_channels': 59, 'growth_factor': 1.6053219275924853, 'lr': 7.356048085942726e-05, 'batch_size': 64}. Best is trial 26 with value: 0.8403375278448537.
[W 2026-04-27 02:08:40,830] The parameter `hpf_sigma` in Trial#33 is sampled independently using `RandomSampler` instead of `TPESampler`, potentially degrading the optimization performance. This fallback happend because dynamic search space is not supported for `multivariate=True`. You can suppress this warning by setting `warn_independent_sampling` to `False` in the constructor of `TPESampler` if this independent sampling is intended behavior.
[I 2026-04-27 02:44:34,811] Trial 33 finished with value: 0.8467635615059756 and parameters: {'use_hpf': 1, 'use_batchnorm': 1, 'hpf_sigma': 1.2112852332774635, 'bottleneck_dim': 100, 'n_enc_layers': 5, 'n_dec_layers': 5, 'base_channels': 58, 'growth_factor': 1.6032040452688738, 'lr': 0.00012844625906852157, 'batch_size': 56}. Best is trial 32 with value: 0.847150281527822.
[W 2026-04-27 02:44:35,141] The parameter `hpf_sigma` in Trial#53 is sampled independently using `RandomSampler` instead of `TPESampler`, potentially degrading the optimization performance. This fallback happend because dynamic search space is not supported for `multivariate=True`. You can suppress this warning by setting `warn_independent_sampling` to `False` in the constructor of `TPESampler` if this independent sampling is intended behavior.
[I 2026-04-27 02:50:26,709] Trial 53 finished with value: 0.8377274493684363 and parameters: {'use_hpf': 1, 'use_batchnorm': 1, 'hpf_sigma': 1.0388403276957832, 'bottleneck_dim': 158, 'n_enc_layers': 2, 'n_dec_layers': 5, 'base_channels': 11, 'growth_factor': 2.973087360984415, 'lr': 0.0027366359956071343, 'batch_size': 16}. Best is trial 32 with value: 0.847150281527822.
[W 2026-04-27 02:50:27,013] The parameter `hpf_sigma` in Trial#57 is sampled independently using `RandomSampler` instead of `TPESampler`, potentially degrading the optimization performance. This fallback happend because dynamic search space is not supported for `multivariate=True`. You can suppress this warning by setting `warn_independent_sampling` to `False` in the constructor of `TPESampler` if this independent sampling is intended behavior.
[I 2026-04-27 02:56:34,699] Trial 57 pruned. 
[I 2026-04-27 03:05:51,477] Trial 59 pruned. 
[W 2026-04-27 03:05:51,835] The parameter `hpf_sigma` in Trial#61 is sampled independently using `RandomSampler` instead of `TPESampler`, potentially degrading the optimization performance. This fallback happend because dynamic search space is not supported for `multivariate=True`. You can suppress this warning by setting `warn_independent_sampling` to `False` in the constructor of `TPESampler` if this independent sampling is intended behavior.
[I 2026-04-27 03:11:33,638] Trial 61 finished with value: 0.8285906422195297 and parameters: {'use_hpf': 1, 'use_batchnorm': 1, 'hpf_sigma': 2.0002059325191976, 'bottleneck_dim': 147, 'n_enc_layers': 2, 'n_dec_layers': 2, 'base_channels': 23, 'growth_factor': 2.7201016356564502, 'lr': 0.0028107205547794195, 'batch_size': 8}. Best is trial 32 with value: 0.847150281527822.
[W 2026-04-27 03:11:34,023] The parameter `hpf_sigma` in Trial#63 is sampled independently using `RandomSampler` instead of `TPESampler`, potentially degrading the optimization performance. This fallback happend because dynamic search space is not supported for `multivariate=True`. You can suppress this warning by setting `warn_independent_sampling` to `False` in the constructor of `TPESampler` if this independent sampling is intended behavior.
[I 2026-04-27 03:41:34,251] Trial 63 finished with value: 0.8509793368031386 and parameters: {'use_hpf': 1, 'use_batchnorm': 1, 'hpf_sigma': 1.018020263211859, 'bottleneck_dim': 148, 'n_enc_layers': 5, 'n_dec_layers': 4, 'base_channels': 60, 'growth_factor': 1.8326968261051293, 'lr': 9.741754126773515e-05, 'batch_size': 32}. Best is trial 63 with value: 0.8509793368031386.
[W 2026-04-27 03:41:34,732] The parameter `hpf_sigma` in Trial#70 is sampled independently using `RandomSampler` instead of `TPESampler`, potentially degrading the optimization performance. This fallback happend because dynamic search space is not supported for `multivariate=True`. You can suppress this warning by setting `warn_independent_sampling` to `False` in the constructor of `TPESampler` if this independent sampling is intended behavior.
[I 2026-04-27 03:58:57,803] Trial 70 finished with value: 0.8434306100994824 and parameters: {'use_hpf': 1, 'use_batchnorm': 1, 'hpf_sigma': 1.0522882232211146, 'bottleneck_dim': 185, 'n_enc_layers': 5, 'n_dec_layers': 4, 'base_channels': 45, 'growth_factor': 2.047262399406681, 'lr': 7.645899817223307e-05, 'batch_size': 8}. Best is trial 63 with value: 0.8509793368031386.
[W 2026-04-27 03:58:58,192] The parameter `hpf_sigma` in Trial#74 is sampled independently using `RandomSampler` instead of `TPESampler`, potentially degrading the optimization performance. This fallback happend because dynamic search space is not supported for `multivariate=True`. You can suppress this warning by setting `warn_independent_sampling` to `False` in the constructor of `TPESampler` if this independent sampling is intended behavior.
[I 2026-04-27 04:34:28,174] Trial 74 finished with value: 0.8371794702865694 and parameters: {'use_hpf': 1, 'use_batchnorm': 1, 'hpf_sigma': 1.05072239357464, 'bottleneck_dim': 151, 'n_enc_layers': 5, 'n_dec_layers': 3, 'base_channels': 62, 'growth_factor': 1.9583116321895653, 'lr': 4.1505482879326975e-05, 'batch_size': 40}. Best is trial 63 with value: 0.8509793368031386.
[I 2026-04-27 04:47:26,109] Trial 81 pruned. 
[W 2026-04-27 04:47:26,438] The parameter `hpf_sigma` in Trial#85 is sampled independently using `RandomSampler` instead of `TPESampler`, potentially degrading the optimization performance. This fallback happend because dynamic search space is not supported for `multivariate=True`. You can suppress this warning by setting `warn_independent_sampling` to `False` in the constructor of `TPESampler` if this independent sampling is intended behavior.
[I 2026-04-27 05:25:09,463] Trial 85 finished with value: 0.8473786833263155 and parameters: {'use_hpf': 1, 'use_batchnorm': 1, 'hpf_sigma': 1.0275260760136864, 'bottleneck_dim': 199, 'n_enc_layers': 5, 'n_dec_layers': 4, 'base_channels': 54, 'growth_factor': 1.670685105889808, 'lr': 0.0005939576017883695, 'batch_size': 40}. Best is trial 63 with value: 0.8509793368031386.
[W 2026-04-27 05:25:09,853] The parameter `hpf_sigma` in Trial#92 is sampled independently using `RandomSampler` instead of `TPESampler`, potentially degrading the optimization performance. This fallback happend because dynamic search space is not supported for `multivariate=True`. You can suppress this warning by setting `warn_independent_sampling` to `False` in the constructor of `TPESampler` if this independent sampling is intended behavior.
[I 2026-04-27 05:34:17,440] Trial 92 pruned. 
[W 2026-04-27 05:34:17,800] The parameter `hpf_sigma` in Trial#96 is sampled independently using `RandomSampler` instead of `TPESampler`, potentially degrading the optimization performance. This fallback happend because dynamic search space is not supported for `multivariate=True`. You can suppress this warning by setting `warn_independent_sampling` to `False` in the constructor of `TPESampler` if this independent sampling is intended behavior.
[I 2026-04-27 06:01:16,085] Trial 96 finished with value: 0.8432459198278275 and parameters: {'use_hpf': 1, 'use_batchnorm': 1, 'hpf_sigma': 1.0476764803249048, 'bottleneck_dim': 183, 'n_enc_layers': 5, 'n_dec_layers': 5, 'base_channels': 43, 'growth_factor': 1.836007848412416, 'lr': 1.4514882638864048e-05, 'batch_size': 8}. Best is trial 63 with value: 0.8509793368031386.
[W 2026-04-27 06:01:16,437] The parameter `hpf_sigma` in Trial#101 is sampled independently using `RandomSampler` instead of `TPESampler`, potentially degrading the optimization performance. This fallback happend because dynamic search space is not supported for `multivariate=True`. You can suppress this warning by setting `warn_independent_sampling` to `False` in the constructor of `TPESampler` if this independent sampling is intended behavior.
[I 2026-04-27 06:11:21,597] Trial 101 pruned. 
[I 2026-04-27 06:17:55,795] Trial 106 pruned. 
[W 2026-04-27 06:17:56,115] The parameter `hpf_sigma` in Trial#108 is sampled independently using `RandomSampler` instead of `TPESampler`, potentially degrading the optimization performance. This fallback happend because dynamic search space is not supported for `multivariate=True`. You can suppress this warning by setting `warn_independent_sampling` to `False` in the constructor of `TPESampler` if this independent sampling is intended behavior.
[I 2026-04-27 06:30:03,048] Trial 108 pruned. 
[I 2026-04-27 06:46:47,675] Trial 110 pruned. 
[W 2026-04-27 06:46:48,060] The parameter `hpf_sigma` in Trial#113 is sampled independently using `RandomSampler` instead of `TPESampler`, potentially degrading the optimization performance. This fallback happend because dynamic search space is not supported for `multivariate=True`. You can suppress this warning by setting `warn_independent_sampling` to `False` in the constructor of `TPESampler` if this independent sampling is intended behavior.
[I 2026-04-27 07:24:00,111] Trial 113 finished with value: 0.8430687726112625 and parameters: {'use_hpf': 1, 'use_batchnorm': 1, 'hpf_sigma': 1.08627255882891, 'bottleneck_dim': 151, 'n_enc_layers': 5, 'n_dec_layers': 5, 'base_channels': 62, 'growth_factor': 1.6889597826172074, 'lr': 2.431889501502815e-05, 'batch_size': 24}. Best is trial 63 with value: 0.8509793368031386.
[W 2026-04-27 07:24:00,461] The parameter `hpf_sigma` in Trial#122 is sampled independently using `RandomSampler` instead of `TPESampler`, potentially degrading the optimization performance. This fallback happend because dynamic search space is not supported for `multivariate=True`. You can suppress this warning by setting `warn_independent_sampling` to `False` in the constructor of `TPESampler` if this independent sampling is intended behavior.
[I 2026-04-27 07:39:38,806] Trial 122 pruned. 
[I 2026-04-27 07:44:27,527] Trial 125 pruned. 
[I 2026-04-27 07:49:09,891] Trial 127 pruned. 
[W 2026-04-27 07:49:10,237] The parameter `hpf_sigma` in Trial#128 is sampled independently using `RandomSampler` instead of `TPESampler`, potentially degrading the optimization performance. This fallback happend because dynamic search space is not supported for `multivariate=True`. You can suppress this warning by setting `warn_independent_sampling` to `False` in the constructor of `TPESampler` if this independent sampling is intended behavior.
[I 2026-04-27 07:59:32,292] Trial 128 pruned. 
[W 2026-04-27 07:59:32,718] The parameter `hpf_sigma` in Trial#129 is sampled independently using `RandomSampler` instead of `TPESampler`, potentially degrading the optimization performance. This fallback happend because dynamic search space is not supported for `multivariate=True`. You can suppress this warning by setting `warn_independent_sampling` to `False` in the constructor of `TPESampler` if this independent sampling is intended behavior.
[I 2026-04-27 08:19:44,191] Trial 129 finished with value: 0.8463396513580841 and parameters: {'use_hpf': 1, 'use_batchnorm': 1, 'hpf_sigma': 1.0350440943057846, 'bottleneck_dim': 232, 'n_enc_layers': 5, 'n_dec_layers': 5, 'base_channels': 43, 'growth_factor': 1.6710626194079259, 'lr': 0.00013895250235004393, 'batch_size': 24}. Best is trial 63 with value: 0.8509793368031386.
[W 2026-04-27 08:19:44,503] The parameter `hpf_sigma` in Trial#136 is sampled independently using `RandomSampler` instead of `TPESampler`, potentially degrading the optimization performance. This fallback happend because dynamic search space is not supported for `multivariate=True`. You can suppress this warning by setting `warn_independent_sampling` to `False` in the constructor of `TPESampler` if this independent sampling is intended behavior.
[I 2026-04-27 08:27:05,795] Trial 136 pruned. 
[W 2026-04-27 08:27:06,111] The parameter `hpf_sigma` in Trial#139 is sampled independently using `RandomSampler` instead of `TPESampler`, potentially degrading the optimization performance. This fallback happend because dynamic search space is not supported for `multivariate=True`. You can suppress this warning by setting `warn_independent_sampling` to `False` in the constructor of `TPESampler` if this independent sampling is intended behavior.
[I 2026-04-27 08:52:31,614] Trial 139 finished with value: 0.8453299036303101 and parameters: {'use_hpf': 1, 'use_batchnorm': 1, 'hpf_sigma': 1.0640866582898971, 'bottleneck_dim': 249, 'n_enc_layers': 5, 'n_dec_layers': 5, 'base_channels': 56, 'growth_factor': 1.662311052799824, 'lr': 8.62711875802652e-05, 'batch_size': 24}. Best is trial 140 with value: 0.8606652115254063.
[W 2026-04-27 08:52:31,971] The parameter `hpf_sigma` in Trial#145 is sampled independently using `RandomSampler` instead of `TPESampler`, potentially degrading the optimization performance. This fallback happend because dynamic search space is not supported for `multivariate=True`. You can suppress this warning by setting `warn_independent_sampling` to `False` in the constructor of `TPESampler` if this independent sampling is intended behavior.
[I 2026-04-27 09:09:01,519] Trial 145 pruned. 
[W 2026-04-27 09:09:01,837] The parameter `hpf_sigma` in Trial#148 is sampled independently using `RandomSampler` instead of `TPESampler`, potentially degrading the optimization performance. This fallback happend because dynamic search space is not supported for `multivariate=True`. You can suppress this warning by setting `warn_independent_sampling` to `False` in the constructor of `TPESampler` if this independent sampling is intended behavior.
[I 2026-04-27 09:24:24,319] Trial 148 finished with value: 0.8451075362758886 and parameters: {'use_hpf': 1, 'use_batchnorm': 1, 'hpf_sigma': 1.019691421539643, 'bottleneck_dim': 171, 'n_enc_layers': 2, 'n_dec_layers': 4, 'base_channels': 49, 'growth_factor': 2.2920556534889394, 'lr': 0.00037274054052086774, 'batch_size': 16}. Best is trial 140 with value: 0.8606652115254063.
[W 2026-04-27 09:24:24,649] The parameter `hpf_sigma` in Trial#151 is sampled independently using `RandomSampler` instead of `TPESampler`, potentially degrading the optimization performance. This fallback happend because dynamic search space is not supported for `multivariate=True`. You can suppress this warning by setting `warn_independent_sampling` to `False` in the constructor of `TPESampler` if this independent sampling is intended behavior.
[I 2026-04-27 09:32:58,080] Trial 151 pruned. 
[W 2026-04-27 09:32:58,422] The parameter `hpf_sigma` in Trial#153 is sampled independently using `RandomSampler` instead of `TPESampler`, potentially degrading the optimization performance. This fallback happend because dynamic search space is not supported for `multivariate=True`. You can suppress this warning by setting `warn_independent_sampling` to `False` in the constructor of `TPESampler` if this independent sampling is intended behavior.
[I 2026-04-27 09:54:02,519] Trial 153 finished with value: 0.8424046591255212 and parameters: {'use_hpf': 1, 'use_batchnorm': 1, 'hpf_sigma': 1.017336257925485, 'bottleneck_dim': 206, 'n_enc_layers': 2, 'n_dec_layers': 4, 'base_channels': 51, 'growth_factor': 2.552219966238056, 'lr': 0.0006157097651137026, 'batch_size': 24}. Best is trial 140 with value: 0.8606652115254063.
[W 2026-04-27 09:54:02,839] The parameter `hpf_sigma` in Trial#156 is sampled independently using `RandomSampler` instead of `TPESampler`, potentially degrading the optimization performance. This fallback happend because dynamic search space is not supported for `multivariate=True`. You can suppress this warning by setting `warn_independent_sampling` to `False` in the constructor of `TPESampler` if this independent sampling is intended behavior.
[I 2026-04-27 10:08:34,687] Trial 156 finished with value: 0.8454769072710278 and parameters: {'use_hpf': 1, 'use_batchnorm': 1, 'hpf_sigma': 1.0199236075283613, 'bottleneck_dim': 183, 'n_enc_layers': 2, 'n_dec_layers': 3, 'base_channels': 38, 'growth_factor': 2.1744732256507375, 'lr': 0.0002800769012361991, 'batch_size': 16}. Best is trial 140 with value: 0.8606652115254063.
[W 2026-04-27 10:08:35,022] The parameter `hpf_sigma` in Trial#159 is sampled independently using `RandomSampler` instead of `TPESampler`, potentially degrading the optimization performance. This fallback happend because dynamic search space is not supported for `multivariate=True`. You can suppress this warning by setting `warn_independent_sampling` to `False` in the constructor of `TPESampler` if this independent sampling is intended behavior.
[I 2026-04-27 10:36:50,328] Trial 159 finished with value: 0.8350189578935208 and parameters: {'use_hpf': 1, 'use_batchnorm': 1, 'hpf_sigma': 1.0685184839137973, 'bottleneck_dim': 172, 'n_enc_layers': 2, 'n_dec_layers': 4, 'base_channels': 45, 'growth_factor': 2.1048973504023354, 'lr': 0.00013834668240904702, 'batch_size': 16}. Best is trial 140 with value: 0.8606652115254063.
[I 2026-04-27 10:50:08,641] Trial 163 pruned. 
[W 2026-04-27 10:50:08,959] The parameter `hpf_sigma` in Trial#166 is sampled independently using `RandomSampler` instead of `TPESampler`, potentially degrading the optimization performance. This fallback happend because dynamic search space is not supported for `multivariate=True`. You can suppress this warning by setting `warn_independent_sampling` to `False` in the constructor of `TPESampler` if this independent sampling is intended behavior.
