[I 2026-04-27 08:50:59,449] Trial 143 pruned. 
[W 2026-04-27 08:51:00,488] The parameter `hpf_sigma` in Trial#144 is sampled independently using `RandomSampler` instead of `TPESampler`, potentially degrading the optimization performance. This fallback happend because dynamic search space is not supported for `multivariate=True`. You can suppress this warning by setting `warn_independent_sampling` to `False` in the constructor of `TPESampler` if this independent sampling is intended behavior.
[I 2026-04-27 09:16:26,973] Trial 144 pruned. 
[W 2026-04-27 09:16:27,600] The parameter `hpf_sigma` in Trial#149 is sampled independently using `RandomSampler` instead of `TPESampler`, potentially degrading the optimization performance. This fallback happend because dynamic search space is not supported for `multivariate=True`. You can suppress this warning by setting `warn_independent_sampling` to `False` in the constructor of `TPESampler` if this independent sampling is intended behavior.
[I 2026-04-27 09:25:09,226] Trial 149 pruned. 
[W 2026-04-27 09:25:09,548] The parameter `hpf_sigma` in Trial#152 is sampled independently using `RandomSampler` instead of `TPESampler`, potentially degrading the optimization performance. This fallback happend because dynamic search space is not supported for `multivariate=True`. You can suppress this warning by setting `warn_independent_sampling` to `False` in the constructor of `TPESampler` if this independent sampling is intended behavior.
[I 2026-04-27 09:51:52,445] Trial 152 finished with value: 0.843025147017963 and parameters: {'use_hpf': 1, 'use_batchnorm': 1, 'hpf_sigma': 1.0252485625621859, 'bottleneck_dim': 216, 'n_enc_layers': 3, 'n_dec_layers': 5, 'base_channels': 48, 'growth_factor': 2.5375131033692826, 'lr': 0.0003350172816825257, 'batch_size': 24}. Best is trial 140 with value: 0.8606652115254063.
[W 2026-04-27 09:51:52,801] The parameter `hpf_sigma` in Trial#155 is sampled independently using `RandomSampler` instead of `TPESampler`, potentially degrading the optimization performance. This fallback happend because dynamic search space is not supported for `multivariate=True`. You can suppress this warning by setting `warn_independent_sampling` to `False` in the constructor of `TPESampler` if this independent sampling is intended behavior.
[I 2026-04-27 10:07:29,977] Trial 155 finished with value: 0.8358693657436449 and parameters: {'use_hpf': 1, 'use_batchnorm': 1, 'hpf_sigma': 1.00232521874618, 'bottleneck_dim': 95, 'n_enc_layers': 2, 'n_dec_layers': 5, 'base_channels': 50, 'growth_factor': 2.1716466472683633, 'lr': 0.0002596444587869544, 'batch_size': 8}. Best is trial 140 with value: 0.8606652115254063.
[W 2026-04-27 10:07:30,335] The parameter `hpf_sigma` in Trial#158 is sampled independently using `RandomSampler` instead of `TPESampler`, potentially degrading the optimization performance. This fallback happend because dynamic search space is not supported for `multivariate=True`. You can suppress this warning by setting `warn_independent_sampling` to `False` in the constructor of `TPESampler` if this independent sampling is intended behavior.
[I 2026-04-27 10:17:21,791] Trial 158 pruned. 
[W 2026-04-27 10:17:22,194] The parameter `hpf_sigma` in Trial#161 is sampled independently using `RandomSampler` instead of `TPESampler`, potentially degrading the optimization performance. This fallback happend because dynamic search space is not supported for `multivariate=True`. You can suppress this warning by setting `warn_independent_sampling` to `False` in the constructor of `TPESampler` if this independent sampling is intended behavior.
[I 2026-04-27 10:42:06,600] Trial 161 finished with value: 0.843950823100081 and parameters: {'use_hpf': 1, 'use_batchnorm': 1, 'hpf_sigma': 1.028238889888469, 'bottleneck_dim': 212, 'n_enc_layers': 2, 'n_dec_layers': 3, 'base_channels': 35, 'growth_factor': 2.1408745911103075, 'lr': 0.00021252670634857297, 'batch_size': 24}. Best is trial 140 with value: 0.8606652115254063.
[W 2026-04-27 10:42:06,952] The parameter `hpf_sigma` in Trial#165 is sampled independently using `RandomSampler` instead of `TPESampler`, potentially degrading the optimization performance. This fallback happend because dynamic search space is not supported for `multivariate=True`. You can suppress this warning by setting `warn_independent_sampling` to `False` in the constructor of `TPESampler` if this independent sampling is intended behavior.
[I 2026-04-27 10:53:48,329] Trial 165 pruned. 
[W 2026-04-27 10:53:48,674] The parameter `hpf_sigma` in Trial#167 is sampled independently using `RandomSampler` instead of `TPESampler`, potentially degrading the optimization performance. This fallback happend because dynamic search space is not supported for `multivariate=True`. You can suppress this warning by setting `warn_independent_sampling` to `False` in the constructor of `TPESampler` if this independent sampling is intended behavior.
[I 2026-04-27 11:00:26,573] Trial 167 pruned. 
[I 2026-04-27 11:05:14,202] Trial 169 pruned. 
[W 2026-04-27 11:05:14,553] The parameter `hpf_sigma` in Trial#170 is sampled independently using `RandomSampler` instead of `TPESampler`, potentially degrading the optimization performance. This fallback happend because dynamic search space is not supported for `multivariate=True`. You can suppress this warning by setting `warn_independent_sampling` to `False` in the constructor of `TPESampler` if this independent sampling is intended behavior.
[I 2026-04-27 11:14:11,507] Trial 170 pruned. 
[W 2026-04-27 11:14:11,872] The parameter `hpf_sigma` in Trial#172 is sampled independently using `RandomSampler` instead of `TPESampler`, potentially degrading the optimization performance. This fallback happend because dynamic search space is not supported for `multivariate=True`. You can suppress this warning by setting `warn_independent_sampling` to `False` in the constructor of `TPESampler` if this independent sampling is intended behavior.
[I 2026-04-27 11:18:39,751] Trial 172 pruned. 
[W 2026-04-27 11:18:40,255] The parameter `hpf_sigma` in Trial#173 is sampled independently using `RandomSampler` instead of `TPESampler`, potentially degrading the optimization performance. This fallback happend because dynamic search space is not supported for `multivariate=True`. You can suppress this warning by setting `warn_independent_sampling` to `False` in the constructor of `TPESampler` if this independent sampling is intended behavior.
[I 2026-04-27 11:45:35,360] Trial 173 finished with value: 0.8373593291836983 and parameters: {'use_hpf': 1, 'use_batchnorm': 1, 'hpf_sigma': 1.0268061012330656, 'bottleneck_dim': 183, 'n_enc_layers': 5, 'n_dec_layers': 5, 'base_channels': 43, 'growth_factor': 1.7971091008369213, 'lr': 7.69087519969867e-05, 'batch_size': 32}. Best is trial 140 with value: 0.8606652115254063.
[W 2026-04-27 11:45:35,704] The parameter `hpf_sigma` in Trial#180 is sampled independently using `RandomSampler` instead of `TPESampler`, potentially degrading the optimization performance. This fallback happend because dynamic search space is not supported for `multivariate=True`. You can suppress this warning by setting `warn_independent_sampling` to `False` in the constructor of `TPESampler` if this independent sampling is intended behavior.
[I 2026-04-27 11:55:19,881] Trial 180 pruned. 
[W 2026-04-27 11:55:20,260] The parameter `hpf_sigma` in Trial#182 is sampled independently using `RandomSampler` instead of `TPESampler`, potentially degrading the optimization performance. This fallback happend because dynamic search space is not supported for `multivariate=True`. You can suppress this warning by setting `warn_independent_sampling` to `False` in the constructor of `TPESampler` if this independent sampling is intended behavior.
[I 2026-04-27 12:05:20,048] Trial 182 pruned. 
[worker 2 | 12:05:20] Worker done. Study totals: complete=95, pruned=88, failed=0, all=185
