[I 2026-04-27 05:40:55,232] Trial 95 pruned. 
[W 2026-04-27 05:40:55,488] The parameter `hpf_sigma` in Trial#98 is sampled independently using `RandomSampler` instead of `TPESampler`, potentially degrading the optimization performance. This fallback happend because dynamic search space is not supported for `multivariate=True`. You can suppress this warning by setting `warn_independent_sampling` to `False` in the constructor of `TPESampler` if this independent sampling is intended behavior.
[I 2026-04-27 06:04:47,277] Trial 98 pruned. 
[W 2026-04-27 06:04:47,494] The parameter `hpf_sigma` in Trial#102 is sampled independently using `RandomSampler` instead of `TPESampler`, potentially degrading the optimization performance. This fallback happend because dynamic search space is not supported for `multivariate=True`. You can suppress this warning by setting `warn_independent_sampling` to `False` in the constructor of `TPESampler` if this independent sampling is intended behavior.
[I 2026-04-27 06:11:07,833] Trial 102 pruned. 
[W 2026-04-27 06:11:07,896] The parameter `hpf_sigma` in Trial#105 is sampled independently using `RandomSampler` instead of `TPESampler`, potentially degrading the optimization performance. This fallback happend because dynamic search space is not supported for `multivariate=True`. You can suppress this warning by setting `warn_independent_sampling` to `False` in the constructor of `TPESampler` if this independent sampling is intended behavior.
[I 2026-04-27 06:28:25,218] Trial 105 pruned. 
[W 2026-04-27 06:28:25,281] The parameter `hpf_sigma` in Trial#109 is sampled independently using `RandomSampler` instead of `TPESampler`, potentially degrading the optimization performance. This fallback happend because dynamic search space is not supported for `multivariate=True`. You can suppress this warning by setting `warn_independent_sampling` to `False` in the constructor of `TPESampler` if this independent sampling is intended behavior.
[I 2026-04-27 06:31:08,244] Trial 109 pruned. 
[W 2026-04-27 06:31:08,305] The parameter `hpf_sigma` in Trial#111 is sampled independently using `RandomSampler` instead of `TPESampler`, potentially degrading the optimization performance. This fallback happend because dynamic search space is not supported for `multivariate=True`. You can suppress this warning by setting `warn_independent_sampling` to `False` in the constructor of `TPESampler` if this independent sampling is intended behavior.
[I 2026-04-27 07:05:40,985] Trial 111 finished with value: 0.8353449610959773 and parameters: {'use_hpf': 1, 'use_batchnorm': 1, 'hpf_sigma': 1.0197251211251026, 'bottleneck_dim': 89, 'n_enc_layers': 5, 'n_dec_layers': 5, 'base_channels': 46, 'growth_factor': 1.7140632465093284, 'lr': 0.00029663378255629546, 'batch_size': 48}. Best is trial 63 with value: 0.8509793368031386.
[W 2026-04-27 07:05:41,064] The parameter `hpf_sigma` in Trial#116 is sampled independently using `RandomSampler` instead of `TPESampler`, potentially degrading the optimization performance. This fallback happend because dynamic search space is not supported for `multivariate=True`. You can suppress this warning by setting `warn_independent_sampling` to `False` in the constructor of `TPESampler` if this independent sampling is intended behavior.
[I 2026-04-27 07:15:22,777] Trial 116 finished with value: 0.8419133579867109 and parameters: {'use_hpf': 1, 'use_batchnorm': 1, 'hpf_sigma': 1.0440960612309464, 'bottleneck_dim': 147, 'n_enc_layers': 5, 'n_dec_layers': 2, 'base_channels': 27, 'growth_factor': 2.3481089705235885, 'lr': 4.8688253336898984e-05, 'batch_size': 16}. Best is trial 63 with value: 0.8509793368031386.
[W 2026-04-27 07:15:22,850] The parameter `hpf_sigma` in Trial#119 is sampled independently using `RandomSampler` instead of `TPESampler`, potentially degrading the optimization performance. This fallback happend because dynamic search space is not supported for `multivariate=True`. You can suppress this warning by setting `warn_independent_sampling` to `False` in the constructor of `TPESampler` if this independent sampling is intended behavior.
[I 2026-04-27 07:37:25,708] Trial 119 finished with value: 0.8317358861323318 and parameters: {'use_hpf': 1, 'use_batchnorm': 1, 'hpf_sigma': 1.0518157528787642, 'bottleneck_dim': 237, 'n_enc_layers': 5, 'n_dec_layers': 4, 'base_channels': 55, 'growth_factor': 1.5318360790295769, 'lr': 0.0019291006192373862, 'batch_size': 8}. Best is trial 63 with value: 0.8509793368031386.
[W 2026-04-27 07:37:25,772] The parameter `hpf_sigma` in Trial#124 is sampled independently using `RandomSampler` instead of `TPESampler`, potentially degrading the optimization performance. This fallback happend because dynamic search space is not supported for `multivariate=True`. You can suppress this warning by setting `warn_independent_sampling` to `False` in the constructor of `TPESampler` if this independent sampling is intended behavior.
[I 2026-04-27 08:09:05,723] Trial 124 finished with value: 0.8378342838537565 and parameters: {'use_hpf': 1, 'use_batchnorm': 1, 'hpf_sigma': 1.0254987764982753, 'bottleneck_dim': 180, 'n_enc_layers': 5, 'n_dec_layers': 5, 'base_channels': 52, 'growth_factor': 2.1896832372145405, 'lr': 4.4160315099947976e-05, 'batch_size': 16}. Best is trial 63 with value: 0.8509793368031386.
[W 2026-04-27 08:09:05,787] The parameter `hpf_sigma` in Trial#132 is sampled independently using `RandomSampler` instead of `TPESampler`, potentially degrading the optimization performance. This fallback happend because dynamic search space is not supported for `multivariate=True`. You can suppress this warning by setting `warn_independent_sampling` to `False` in the constructor of `TPESampler` if this independent sampling is intended behavior.
[I 2026-04-27 08:17:10,570] Trial 132 pruned. 
[W 2026-04-27 08:17:10,644] The parameter `hpf_sigma` in Trial#134 is sampled independently using `RandomSampler` instead of `TPESampler`, potentially degrading the optimization performance. This fallback happend because dynamic search space is not supported for `multivariate=True`. You can suppress this warning by setting `warn_independent_sampling` to `False` in the constructor of `TPESampler` if this independent sampling is intended behavior.
[I 2026-04-27 08:24:03,830] Trial 134 pruned. 
[W 2026-04-27 08:24:03,890] The parameter `hpf_sigma` in Trial#138 is sampled independently using `RandomSampler` instead of `TPESampler`, potentially degrading the optimization performance. This fallback happend because dynamic search space is not supported for `multivariate=True`. You can suppress this warning by setting `warn_independent_sampling` to `False` in the constructor of `TPESampler` if this independent sampling is intended behavior.
[I 2026-04-27 08:42:53,699] Trial 138 finished with value: 0.8402141368310192 and parameters: {'use_hpf': 1, 'use_batchnorm': 1, 'hpf_sigma': 1.0191976583336015, 'bottleneck_dim': 250, 'n_enc_layers': 4, 'n_dec_layers': 4, 'base_channels': 52, 'growth_factor': 1.7586806528231576, 'lr': 0.00020798691401446162, 'batch_size': 32}. Best is trial 63 with value: 0.8509793368031386.
[W 2026-04-27 08:42:53,771] The parameter `hpf_sigma` in Trial#142 is sampled independently using `RandomSampler` instead of `TPESampler`, potentially degrading the optimization performance. This fallback happend because dynamic search space is not supported for `multivariate=True`. You can suppress this warning by setting `warn_independent_sampling` to `False` in the constructor of `TPESampler` if this independent sampling is intended behavior.
[I 2026-04-27 08:58:40,106] Trial 142 pruned. 
[worker 1 | 08:58:40] Worker done. Study totals: complete=81, pruned=63, failed=0, all=147
