[worker 2 | 23:51:22] Starting with gpu_id=2, n_trials=50
[worker 2 | 23:51:22] Study: name='ae_topology_v1', db=study_outputs/study.db
[worker 2 | 23:51:22] Output dir: study_outputs
[worker 2 | 23:51:22] HIP_VISIBLE_DEVICES set to 2
[worker 2 | 23:51:48] torch sees 1 GPU(s); cuda_available=True
[worker 2 | 23:51:48] Capped torch threads: num_threads=4, interop=2
/mnt/beegfs/mantis/jrathi/AE_Model_Thesis/ae_env/lib/python3.10/site-packages/optuna/_experimental.py:33: ExperimentalWarning: Argument ``multivariate`` is an experimental feature. The interface can change in the future.
  optuna_warn(
/mnt/beegfs/mantis/jrathi/AE_Model_Thesis/ae_env/lib/python3.10/site-packages/optuna/_experimental.py:33: ExperimentalWarning: Argument ``constant_liar`` is an experimental feature. The interface can change in the future.
  optuna_warn(
[I 2026-04-26 23:51:59,349] Using an existing study with name 'ae_topology_v1' instead of creating a new one.
[worker 2 | 23:51:59] Resuming study 'ae_topology_v1' from study_outputs/study.db
[worker 2 | 23:51:59]   trials already on disk: 0 (completed or pruned: 0)
[worker 2 | 23:51:59]   sampler : TPESampler(n_startup=20, seed=None, constant_liar=True, multivariate=True)
[worker 2 | 23:51:59]   pruner  : MedianPruner(n_startup=20, n_warmup_steps=50)
[worker 2 | 23:51:59] Entering study.optimize for 50 trials
[I 2026-04-27 00:25:54,259] Trial 1 finished with value: 0.8270425877071117 and parameters: {'use_hpf': 0, 'use_batchnorm': 1, 'bottleneck_dim': 20, 'n_enc_layers': 5, 'n_dec_layers': 3, 'base_channels': 27, 'growth_factor': 2.4654431109444976, 'lr': 0.0008609396421236715, 'batch_size': 16}. Best is trial 0 with value: 0.8286546818024274.
[I 2026-04-27 00:38:06,537] Trial 11 finished with value: 0.8296851204167586 and parameters: {'use_hpf': 0, 'use_batchnorm': 0, 'bottleneck_dim': 156, 'n_enc_layers': 2, 'n_dec_layers': 2, 'base_channels': 19, 'growth_factor': 1.7107517215651362, 'lr': 6.333342246208201e-05, 'batch_size': 16}. Best is trial 5 with value: 0.8347251129309925.
[I 2026-04-27 01:07:15,944] Trial 13 finished with value: 0.82854042838824 and parameters: {'use_hpf': 1, 'use_batchnorm': 0, 'hpf_sigma': 6.240642247256083, 'bottleneck_dim': 41, 'n_enc_layers': 3, 'n_dec_layers': 4, 'base_channels': 62, 'growth_factor': 2.995491427981335, 'lr': 0.0006599400116148091, 'batch_size': 16}. Best is trial 5 with value: 0.8347251129309925.
[I 2026-04-27 01:25:23,084] Trial 19 pruned. 
[W 2026-04-27 01:25:23,386] The parameter `hpf_sigma` in Trial#25 is sampled independently using `RandomSampler` instead of `TPESampler`, potentially degrading the optimization performance. This fallback happend because dynamic search space is not supported for `multivariate=True`. You can suppress this warning by setting `warn_independent_sampling` to `False` in the constructor of `TPESampler` if this independent sampling is intended behavior.
[I 2026-04-27 01:29:51,997] Trial 25 pruned. 
[W 2026-04-27 01:29:52,335] The parameter `hpf_sigma` in Trial#26 is sampled independently using `RandomSampler` instead of `TPESampler`, potentially degrading the optimization performance. This fallback happend because dynamic search space is not supported for `multivariate=True`. You can suppress this warning by setting `warn_independent_sampling` to `False` in the constructor of `TPESampler` if this independent sampling is intended behavior.
[I 2026-04-27 01:40:19,355] Trial 26 finished with value: 0.8403375278448537 and parameters: {'use_hpf': 1, 'use_batchnorm': 1, 'hpf_sigma': 2.8512432332934914, 'bottleneck_dim': 174, 'n_enc_layers': 2, 'n_dec_layers': 2, 'base_channels': 37, 'growth_factor': 2.6832529751768237, 'lr': 0.0013554574280660913, 'batch_size': 24}. Best is trial 26 with value: 0.8403375278448537.
[W 2026-04-27 01:40:19,728] The parameter `hpf_sigma` in Trial#29 is sampled independently using `RandomSampler` instead of `TPESampler`, potentially degrading the optimization performance. This fallback happend because dynamic search space is not supported for `multivariate=True`. You can suppress this warning by setting `warn_independent_sampling` to `False` in the constructor of `TPESampler` if this independent sampling is intended behavior.
[I 2026-04-27 01:55:09,726] Trial 29 finished with value: 0.8330772895797947 and parameters: {'use_hpf': 1, 'use_batchnorm': 1, 'hpf_sigma': 1.2729859448712475, 'bottleneck_dim': 188, 'n_enc_layers': 2, 'n_dec_layers': 2, 'base_channels': 44, 'growth_factor': 2.782987921890939, 'lr': 0.0018344013988813707, 'batch_size': 32}. Best is trial 26 with value: 0.8403375278448537.
[W 2026-04-27 01:55:10,133] The parameter `hpf_sigma` in Trial#31 is sampled independently using `RandomSampler` instead of `TPESampler`, potentially degrading the optimization performance. This fallback happend because dynamic search space is not supported for `multivariate=True`. You can suppress this warning by setting `warn_independent_sampling` to `False` in the constructor of `TPESampler` if this independent sampling is intended behavior.
[I 2026-04-27 01:59:36,263] Trial 31 pruned. 
[W 2026-04-27 01:59:36,691] The parameter `hpf_sigma` in Trial#32 is sampled independently using `RandomSampler` instead of `TPESampler`, potentially degrading the optimization performance. This fallback happend because dynamic search space is not supported for `multivariate=True`. You can suppress this warning by setting `warn_independent_sampling` to `False` in the constructor of `TPESampler` if this independent sampling is intended behavior.
[I 2026-04-27 02:18:28,222] Trial 32 finished with value: 0.847150281527822 and parameters: {'use_hpf': 1, 'use_batchnorm': 1, 'hpf_sigma': 1.0696541994219912, 'bottleneck_dim': 139, 'n_enc_layers': 4, 'n_dec_layers': 5, 'base_channels': 25, 'growth_factor': 1.5343512945554685, 'lr': 3.276488704982549e-05, 'batch_size': 56}. Best is trial 32 with value: 0.847150281527822.
[W 2026-04-27 02:18:28,561] The parameter `hpf_sigma` in Trial#38 is sampled independently using `RandomSampler` instead of `TPESampler`, potentially degrading the optimization performance. This fallback happend because dynamic search space is not supported for `multivariate=True`. You can suppress this warning by setting `warn_independent_sampling` to `False` in the constructor of `TPESampler` if this independent sampling is intended behavior.
[I 2026-04-27 02:23:11,050] Trial 38 pruned. 
[W 2026-04-27 02:23:11,385] The parameter `hpf_sigma` in Trial#41 is sampled independently using `RandomSampler` instead of `TPESampler`, potentially degrading the optimization performance. This fallback happend because dynamic search space is not supported for `multivariate=True`. You can suppress this warning by setting `warn_independent_sampling` to `False` in the constructor of `TPESampler` if this independent sampling is intended behavior.
[I 2026-04-27 02:30:30,263] Trial 41 pruned. 
[W 2026-04-27 02:30:31,264] The parameter `hpf_sigma` in Trial#44 is sampled independently using `RandomSampler` instead of `TPESampler`, potentially degrading the optimization performance. This fallback happend because dynamic search space is not supported for `multivariate=True`. You can suppress this warning by setting `warn_independent_sampling` to `False` in the constructor of `TPESampler` if this independent sampling is intended behavior.
[I 2026-04-27 02:34:25,545] Trial 44 pruned. 
[W 2026-04-27 02:34:25,915] The parameter `hpf_sigma` in Trial#47 is sampled independently using `RandomSampler` instead of `TPESampler`, potentially degrading the optimization performance. This fallback happend because dynamic search space is not supported for `multivariate=True`. You can suppress this warning by setting `warn_independent_sampling` to `False` in the constructor of `TPESampler` if this independent sampling is intended behavior.
[I 2026-04-27 02:38:48,771] Trial 47 pruned. 
[W 2026-04-27 02:38:49,122] The parameter `hpf_sigma` in Trial#50 is sampled independently using `RandomSampler` instead of `TPESampler`, potentially degrading the optimization performance. This fallback happend because dynamic search space is not supported for `multivariate=True`. You can suppress this warning by setting `warn_independent_sampling` to `False` in the constructor of `TPESampler` if this independent sampling is intended behavior.
[I 2026-04-27 02:45:06,421] Trial 50 pruned. 
[I 2026-04-27 02:50:29,038] Trial 54 pruned. 
[I 2026-04-27 03:01:10,099] Trial 58 pruned. 
[I 2026-04-27 03:12:10,415] Trial 60 pruned. 
[W 2026-04-27 03:12:10,774] The parameter `hpf_sigma` in Trial#64 is sampled independently using `RandomSampler` instead of `TPESampler`, potentially degrading the optimization performance. This fallback happend because dynamic search space is not supported for `multivariate=True`. You can suppress this warning by setting `warn_independent_sampling` to `False` in the constructor of `TPESampler` if this independent sampling is intended behavior.
[I 2026-04-27 03:37:02,418] Trial 64 finished with value: 0.8333318915595123 and parameters: {'use_hpf': 1, 'use_batchnorm': 1, 'hpf_sigma': 1.06132019383923, 'bottleneck_dim': 145, 'n_enc_layers': 4, 'n_dec_layers': 5, 'base_channels': 63, 'growth_factor': 1.5622693296679344, 'lr': 0.00039493179273988345, 'batch_size': 32}. Best is trial 32 with value: 0.847150281527822.
[W 2026-04-27 03:37:02,801] The parameter `hpf_sigma` in Trial#69 is sampled independently using `RandomSampler` instead of `TPESampler`, potentially degrading the optimization performance. This fallback happend because dynamic search space is not supported for `multivariate=True`. You can suppress this warning by setting `warn_independent_sampling` to `False` in the constructor of `TPESampler` if this independent sampling is intended behavior.
[I 2026-04-27 04:03:55,687] Trial 69 finished with value: 0.8414248640101745 and parameters: {'use_hpf': 1, 'use_batchnorm': 1, 'hpf_sigma': 1.1217772324077675, 'bottleneck_dim': 170, 'n_enc_layers': 5, 'n_dec_layers': 5, 'base_channels': 37, 'growth_factor': 1.5423636305785342, 'lr': 1.0491812281145558e-05, 'batch_size': 48}. Best is trial 63 with value: 0.8509793368031386.
[W 2026-04-27 04:03:56,037] The parameter `hpf_sigma` in Trial#76 is sampled independently using `RandomSampler` instead of `TPESampler`, potentially degrading the optimization performance. This fallback happend because dynamic search space is not supported for `multivariate=True`. You can suppress this warning by setting `warn_independent_sampling` to `False` in the constructor of `TPESampler` if this independent sampling is intended behavior.
[I 2026-04-27 04:18:44,560] Trial 76 finished with value: 0.8372075323611385 and parameters: {'use_hpf': 1, 'use_batchnorm': 1, 'hpf_sigma': 1.0181935734768826, 'bottleneck_dim': 177, 'n_enc_layers': 5, 'n_dec_layers': 2, 'base_channels': 60, 'growth_factor': 1.5278638502081139, 'lr': 0.0010908722001631743, 'batch_size': 16}. Best is trial 63 with value: 0.8509793368031386.
[W 2026-04-27 04:18:44,937] The parameter `hpf_sigma` in Trial#79 is sampled independently using `RandomSampler` instead of `TPESampler`, potentially degrading the optimization performance. This fallback happend because dynamic search space is not supported for `multivariate=True`. You can suppress this warning by setting `warn_independent_sampling` to `False` in the constructor of `TPESampler` if this independent sampling is intended behavior.
[I 2026-04-27 04:39:15,838] Trial 79 finished with value: 0.8450933954346374 and parameters: {'use_hpf': 1, 'use_batchnorm': 1, 'hpf_sigma': 1.0466390253539732, 'bottleneck_dim': 188, 'n_enc_layers': 5, 'n_dec_layers': 5, 'base_channels': 35, 'growth_factor': 1.5355402702574523, 'lr': 0.00014144859144075647, 'batch_size': 16}. Best is trial 63 with value: 0.8509793368031386.
[W 2026-04-27 04:39:16,247] The parameter `hpf_sigma` in Trial#82 is sampled independently using `RandomSampler` instead of `TPESampler`, potentially degrading the optimization performance. This fallback happend because dynamic search space is not supported for `multivariate=True`. You can suppress this warning by setting `warn_independent_sampling` to `False` in the constructor of `TPESampler` if this independent sampling is intended behavior.
[I 2026-04-27 04:59:15,108] Trial 82 pruned. 
[W 2026-04-27 04:59:15,473] The parameter `hpf_sigma` in Trial#87 is sampled independently using `RandomSampler` instead of `TPESampler`, potentially degrading the optimization performance. This fallback happend because dynamic search space is not supported for `multivariate=True`. You can suppress this warning by setting `warn_independent_sampling` to `False` in the constructor of `TPESampler` if this independent sampling is intended behavior.
[I 2026-04-27 05:25:44,184] Trial 87 finished with value: 0.8449347048326157 and parameters: {'use_hpf': 1, 'use_batchnorm': 1, 'hpf_sigma': 1.0319906095745581, 'bottleneck_dim': 173, 'n_enc_layers': 5, 'n_dec_layers': 5, 'base_channels': 49, 'growth_factor': 1.934237463533407, 'lr': 2.4701308969108117e-05, 'batch_size': 16}. Best is trial 63 with value: 0.8509793368031386.
[W 2026-04-27 05:25:44,504] The parameter `hpf_sigma` in Trial#94 is sampled independently using `RandomSampler` instead of `TPESampler`, potentially degrading the optimization performance. This fallback happend because dynamic search space is not supported for `multivariate=True`. You can suppress this warning by setting `warn_independent_sampling` to `False` in the constructor of `TPESampler` if this independent sampling is intended behavior.
[I 2026-04-27 05:58:11,882] Trial 94 finished with value: 0.8469360492150926 and parameters: {'use_hpf': 1, 'use_batchnorm': 1, 'hpf_sigma': 1.0041581918849143, 'bottleneck_dim': 211, 'n_enc_layers': 5, 'n_dec_layers': 3, 'base_channels': 51, 'growth_factor': 1.7733251721908232, 'lr': 0.0008731454036082533, 'batch_size': 40}. Best is trial 63 with value: 0.8509793368031386.
[W 2026-04-27 05:58:12,275] The parameter `hpf_sigma` in Trial#100 is sampled independently using `RandomSampler` instead of `TPESampler`, potentially degrading the optimization performance. This fallback happend because dynamic search space is not supported for `multivariate=True`. You can suppress this warning by setting `warn_independent_sampling` to `False` in the constructor of `TPESampler` if this independent sampling is intended behavior.
[I 2026-04-27 06:08:13,621] Trial 100 finished with value: 0.8437030671589705 and parameters: {'use_hpf': 1, 'use_batchnorm': 1, 'hpf_sigma': 1.012127947264313, 'bottleneck_dim': 165, 'n_enc_layers': 5, 'n_dec_layers': 2, 'base_channels': 27, 'growth_factor': 2.1758198581146697, 'lr': 7.95022807982574e-05, 'batch_size': 16}. Best is trial 63 with value: 0.8509793368031386.
[W 2026-04-27 06:08:14,186] The parameter `hpf_sigma` in Trial#103 is sampled independently using `RandomSampler` instead of `TPESampler`, potentially degrading the optimization performance. This fallback happend because dynamic search space is not supported for `multivariate=True`. You can suppress this warning by setting `warn_independent_sampling` to `False` in the constructor of `TPESampler` if this independent sampling is intended behavior.
[I 2026-04-27 06:12:53,858] Trial 103 pruned. 
[W 2026-04-27 06:12:54,177] The parameter `hpf_sigma` in Trial#107 is sampled independently using `RandomSampler` instead of `TPESampler`, potentially degrading the optimization performance. This fallback happend because dynamic search space is not supported for `multivariate=True`. You can suppress this warning by setting `warn_independent_sampling` to `False` in the constructor of `TPESampler` if this independent sampling is intended behavior.
[I 2026-04-27 06:56:26,745] Trial 107 finished with value: 0.8407272841850779 and parameters: {'use_hpf': 1, 'use_batchnorm': 1, 'hpf_sigma': 1.0230462060694223, 'bottleneck_dim': 140, 'n_enc_layers': 4, 'n_dec_layers': 5, 'base_channels': 57, 'growth_factor': 2.417774795683401, 'lr': 1.0419276753121205e-05, 'batch_size': 8}. Best is trial 63 with value: 0.8509793368031386.
[W 2026-04-27 06:56:27,167] The parameter `hpf_sigma` in Trial#115 is sampled independently using `RandomSampler` instead of `TPESampler`, potentially degrading the optimization performance. This fallback happend because dynamic search space is not supported for `multivariate=True`. You can suppress this warning by setting `warn_independent_sampling` to `False` in the constructor of `TPESampler` if this independent sampling is intended behavior.
[I 2026-04-27 07:06:05,350] Trial 115 finished with value: 0.8412578951438956 and parameters: {'use_hpf': 1, 'use_batchnorm': 1, 'hpf_sigma': 1.1598633633665432, 'bottleneck_dim': 177, 'n_enc_layers': 4, 'n_dec_layers': 2, 'base_channels': 29, 'growth_factor': 2.3448172825585822, 'lr': 0.00014097080332675925, 'batch_size': 8}. Best is trial 63 with value: 0.8509793368031386.
[W 2026-04-27 07:06:05,776] The parameter `hpf_sigma` in Trial#117 is sampled independently using `RandomSampler` instead of `TPESampler`, potentially degrading the optimization performance. This fallback happend because dynamic search space is not supported for `multivariate=True`. You can suppress this warning by setting `warn_independent_sampling` to `False` in the constructor of `TPESampler` if this independent sampling is intended behavior.
[I 2026-04-27 07:15:31,499] Trial 117 finished with value: 0.8370466074871028 and parameters: {'use_hpf': 1, 'use_batchnorm': 1, 'hpf_sigma': 1.0298233443679303, 'bottleneck_dim': 234, 'n_enc_layers': 5, 'n_dec_layers': 2, 'base_channels': 24, 'growth_factor': 2.180820510453761, 'lr': 0.00028449761637841406, 'batch_size': 16}. Best is trial 63 with value: 0.8509793368031386.
[W 2026-04-27 07:15:31,884] The parameter `hpf_sigma` in Trial#120 is sampled independently using `RandomSampler` instead of `TPESampler`, potentially degrading the optimization performance. This fallback happend because dynamic search space is not supported for `multivariate=True`. You can suppress this warning by setting `warn_independent_sampling` to `False` in the constructor of `TPESampler` if this independent sampling is intended behavior.
[I 2026-04-27 07:28:05,100] Trial 120 pruned. 
[W 2026-04-27 07:28:05,453] The parameter `hpf_sigma` in Trial#123 is sampled independently using `RandomSampler` instead of `TPESampler`, potentially degrading the optimization performance. This fallback happend because dynamic search space is not supported for `multivariate=True`. You can suppress this warning by setting `warn_independent_sampling` to `False` in the constructor of `TPESampler` if this independent sampling is intended behavior.
[I 2026-04-27 07:42:03,082] Trial 123 pruned. 
[W 2026-04-27 07:42:03,402] The parameter `hpf_sigma` in Trial#126 is sampled independently using `RandomSampler` instead of `TPESampler`, potentially degrading the optimization performance. This fallback happend because dynamic search space is not supported for `multivariate=True`. You can suppress this warning by setting `warn_independent_sampling` to `False` in the constructor of `TPESampler` if this independent sampling is intended behavior.
[I 2026-04-27 08:06:57,542] Trial 126 finished with value: 0.8373981806914976 and parameters: {'use_hpf': 1, 'use_batchnorm': 0, 'hpf_sigma': 1.0327631079649267, 'bottleneck_dim': 90, 'n_enc_layers': 2, 'n_dec_layers': 2, 'base_channels': 52, 'growth_factor': 2.2527559228928946, 'lr': 0.0003867383068628991, 'batch_size': 64}. Best is trial 63 with value: 0.8509793368031386.
[W 2026-04-27 08:06:57,922] The parameter `hpf_sigma` in Trial#131 is sampled independently using `RandomSampler` instead of `TPESampler`, potentially degrading the optimization performance. This fallback happend because dynamic search space is not supported for `multivariate=True`. You can suppress this warning by setting `warn_independent_sampling` to `False` in the constructor of `TPESampler` if this independent sampling is intended behavior.
[I 2026-04-27 08:18:00,791] Trial 131 finished with value: 0.8320917751100187 and parameters: {'use_hpf': 1, 'use_batchnorm': 1, 'hpf_sigma': 1.0066028945556225, 'bottleneck_dim': 198, 'n_enc_layers': 3, 'n_dec_layers': 2, 'base_channels': 57, 'growth_factor': 1.9163702327577181, 'lr': 0.0008548997098414252, 'batch_size': 8}. Best is trial 63 with value: 0.8509793368031386.
[I 2026-04-27 08:27:07,012] Trial 135 pruned. 
[W 2026-04-27 08:27:07,315] The parameter `hpf_sigma` in Trial#140 is sampled independently using `RandomSampler` instead of `TPESampler`, potentially degrading the optimization performance. This fallback happend because dynamic search space is not supported for `multivariate=True`. You can suppress this warning by setting `warn_independent_sampling` to `False` in the constructor of `TPESampler` if this independent sampling is intended behavior.
[I 2026-04-27 08:43:53,302] Trial 140 finished with value: 0.8606652115254063 and parameters: {'use_hpf': 1, 'use_batchnorm': 1, 'hpf_sigma': 1.0026209789584537, 'bottleneck_dim': 193, 'n_enc_layers': 2, 'n_dec_layers': 4, 'base_channels': 31, 'growth_factor': 2.8148870342736454, 'lr': 0.0005289200832588149, 'batch_size': 32}. Best is trial 140 with value: 0.8606652115254063.
[W 2026-04-27 08:43:53,661] The parameter `hpf_sigma` in Trial#143 is sampled independently using `RandomSampler` instead of `TPESampler`, potentially degrading the optimization performance. This fallback happend because dynamic search space is not supported for `multivariate=True`. You can suppress this warning by setting `warn_independent_sampling` to `False` in the constructor of `TPESampler` if this independent sampling is intended behavior.
