[worker 0 | 23:51:22] Starting with gpu_id=0, n_trials=50
[worker 0 | 23:51:22] Study: name='ae_topology_v1', db=study_outputs/study.db
[worker 0 | 23:51:22] Output dir: study_outputs
[worker 0 | 23:51:22] HIP_VISIBLE_DEVICES set to 0
[worker 0 | 23:51:48] torch sees 1 GPU(s); cuda_available=True
[worker 0 | 23:51:48] Capped torch threads: num_threads=4, interop=2
/mnt/beegfs/mantis/jrathi/AE_Model_Thesis/ae_env/lib/python3.10/site-packages/optuna/_experimental.py:33: ExperimentalWarning: Argument ``multivariate`` is an experimental feature. The interface can change in the future.
  optuna_warn(
/mnt/beegfs/mantis/jrathi/AE_Model_Thesis/ae_env/lib/python3.10/site-packages/optuna/_experimental.py:33: ExperimentalWarning: Argument ``constant_liar`` is an experimental feature. The interface can change in the future.
  optuna_warn(
[I 2026-04-26 23:51:59,351] Using an existing study with name 'ae_topology_v1' instead of creating a new one.
[worker 0 | 23:51:59] Resuming study 'ae_topology_v1' from study_outputs/study.db
[worker 0 | 23:51:59]   trials already on disk: 0 (completed or pruned: 0)
[worker 0 | 23:51:59]   sampler : TPESampler(n_startup=20, seed=None, constant_liar=True, multivariate=True)
[worker 0 | 23:51:59]   pruner  : MedianPruner(n_startup=20, n_warmup_steps=50)
[worker 0 | 23:51:59] Entering study.optimize for 50 trials
[I 2026-04-27 00:02:07,626] Trial 3 finished with value: 0.8202213552482955 and parameters: {'use_hpf': 0, 'use_batchnorm': 1, 'bottleneck_dim': 185, 'n_enc_layers': 2, 'n_dec_layers': 2, 'base_channels': 27, 'growth_factor': 2.071519645371649, 'lr': 0.0035129789043670755, 'batch_size': 48}. Best is trial 0 with value: 0.8286546818024274.
[I 2026-04-27 00:35:45,447] Trial 5 finished with value: 0.8347251129309925 and parameters: {'use_hpf': 1, 'use_batchnorm': 1, 'hpf_sigma': 1.4046702386707033, 'bottleneck_dim': 97, 'n_enc_layers': 5, 'n_dec_layers': 5, 'base_channels': 56, 'growth_factor': 1.6596472481597233, 'lr': 0.0003029992506401183, 'batch_size': 64}. Best is trial 5 with value: 0.8347251129309925.
[I 2026-04-27 00:55:19,531] Trial 12 finished with value: 0.8272364060302428 and parameters: {'use_hpf': 1, 'use_batchnorm': 1, 'hpf_sigma': 5.770387855769913, 'bottleneck_dim': 151, 'n_enc_layers': 4, 'n_dec_layers': 5, 'base_channels': 17, 'growth_factor': 2.6680100759396126, 'lr': 0.00014152342421804996, 'batch_size': 64}. Best is trial 5 with value: 0.8347251129309925.
[I 2026-04-27 01:04:51,177] Trial 16 finished with value: 0.8328937355404886 and parameters: {'use_hpf': 1, 'use_batchnorm': 0, 'hpf_sigma': 1.6020369817067728, 'bottleneck_dim': 153, 'n_enc_layers': 4, 'n_dec_layers': 2, 'base_channels': 22, 'growth_factor': 1.867599448154543, 'lr': 0.00031405723427388265, 'batch_size': 24}. Best is trial 5 with value: 0.8347251129309925.
[I 2026-04-27 01:19:04,228] Trial 18 finished with value: 0.8343121545352381 and parameters: {'use_hpf': 1, 'use_batchnorm': 1, 'hpf_sigma': 2.07298950758924, 'bottleneck_dim': 182, 'n_enc_layers': 4, 'n_dec_layers': 5, 'base_channels': 16, 'growth_factor': 1.9755830241798509, 'lr': 1.3844366376060612e-05, 'batch_size': 48}. Best is trial 5 with value: 0.8347251129309925.
[I 2026-04-27 02:15:28,750] Trial 22 finished with value: 0.8346683490543969 and parameters: {'use_hpf': 1, 'use_batchnorm': 1, 'hpf_sigma': 1.3129611504993925, 'bottleneck_dim': 89, 'n_enc_layers': 4, 'n_dec_layers': 4, 'base_channels': 30, 'growth_factor': 2.9285260009873815, 'lr': 0.0021760939753991187, 'batch_size': 40}. Best is trial 34 with value: 0.8409849702240288.
[W 2026-04-27 02:15:29,291] The parameter `hpf_sigma` in Trial#36 is sampled independently using `RandomSampler` instead of `TPESampler`, potentially degrading the optimization performance. This fallback happend because dynamic search space is not supported for `multivariate=True`. You can suppress this warning by setting `warn_independent_sampling` to `False` in the constructor of `TPESampler` if this independent sampling is intended behavior.
[I 2026-04-27 02:25:44,976] Trial 36 pruned. 
[W 2026-04-27 02:25:45,323] The parameter `hpf_sigma` in Trial#42 is sampled independently using `RandomSampler` instead of `TPESampler`, potentially degrading the optimization performance. This fallback happend because dynamic search space is not supported for `multivariate=True`. You can suppress this warning by setting `warn_independent_sampling` to `False` in the constructor of `TPESampler` if this independent sampling is intended behavior.
[I 2026-04-27 02:34:24,529] Trial 42 finished with value: 0.836691539652122 and parameters: {'use_hpf': 1, 'use_batchnorm': 1, 'hpf_sigma': 1.0052847348161338, 'bottleneck_dim': 218, 'n_enc_layers': 2, 'n_dec_layers': 2, 'base_channels': 29, 'growth_factor': 2.485726331468185, 'lr': 0.00212453957834988, 'batch_size': 24}. Best is trial 32 with value: 0.847150281527822.
[W 2026-04-27 02:34:24,882] The parameter `hpf_sigma` in Trial#46 is sampled independently using `RandomSampler` instead of `TPESampler`, potentially degrading the optimization performance. This fallback happend because dynamic search space is not supported for `multivariate=True`. You can suppress this warning by setting `warn_independent_sampling` to `False` in the constructor of `TPESampler` if this independent sampling is intended behavior.
[I 2026-04-27 02:41:51,051] Trial 46 pruned. 
[I 2026-04-27 02:48:22,477] Trial 51 pruned. 
[W 2026-04-27 02:48:22,883] The parameter `hpf_sigma` in Trial#55 is sampled independently using `RandomSampler` instead of `TPESampler`, potentially degrading the optimization performance. This fallback happend because dynamic search space is not supported for `multivariate=True`. You can suppress this warning by setting `warn_independent_sampling` to `False` in the constructor of `TPESampler` if this independent sampling is intended behavior.
[I 2026-04-27 03:10:50,069] Trial 55 finished with value: 0.8419205573076449 and parameters: {'use_hpf': 1, 'use_batchnorm': 1, 'hpf_sigma': 1.0010121153765486, 'bottleneck_dim': 165, 'n_enc_layers': 5, 'n_dec_layers': 5, 'base_channels': 52, 'growth_factor': 1.5329932131651007, 'lr': 0.00020916745932413, 'batch_size': 32}. Best is trial 32 with value: 0.847150281527822.
[W 2026-04-27 03:10:50,459] The parameter `hpf_sigma` in Trial#62 is sampled independently using `RandomSampler` instead of `TPESampler`, potentially degrading the optimization performance. This fallback happend because dynamic search space is not supported for `multivariate=True`. You can suppress this warning by setting `warn_independent_sampling` to `False` in the constructor of `TPESampler` if this independent sampling is intended behavior.
[I 2026-04-27 03:34:23,865] Trial 62 finished with value: 0.8457870509614531 and parameters: {'use_hpf': 1, 'use_batchnorm': 1, 'hpf_sigma': 1.0023537360645238, 'bottleneck_dim': 202, 'n_enc_layers': 5, 'n_dec_layers': 5, 'base_channels': 43, 'growth_factor': 1.6811917566734984, 'lr': 6.177008605175822e-05, 'batch_size': 24}. Best is trial 32 with value: 0.847150281527822.
[W 2026-04-27 03:34:24,268] The parameter `hpf_sigma` in Trial#68 is sampled independently using `RandomSampler` instead of `TPESampler`, potentially degrading the optimization performance. This fallback happend because dynamic search space is not supported for `multivariate=True`. You can suppress this warning by setting `warn_independent_sampling` to `False` in the constructor of `TPESampler` if this independent sampling is intended behavior.
[I 2026-04-27 03:58:42,938] Trial 68 finished with value: 0.8375143150953719 and parameters: {'use_hpf': 1, 'use_batchnorm': 1, 'hpf_sigma': 1.0202722755588414, 'bottleneck_dim': 229, 'n_enc_layers': 5, 'n_dec_layers': 5, 'base_channels': 32, 'growth_factor': 1.6597352829144312, 'lr': 0.0004855647054970392, 'batch_size': 40}. Best is trial 63 with value: 0.8509793368031386.
[W 2026-04-27 03:58:43,382] The parameter `hpf_sigma` in Trial#73 is sampled independently using `RandomSampler` instead of `TPESampler`, potentially degrading the optimization performance. This fallback happend because dynamic search space is not supported for `multivariate=True`. You can suppress this warning by setting `warn_independent_sampling` to `False` in the constructor of `TPESampler` if this independent sampling is intended behavior.
[I 2026-04-27 04:06:39,350] Trial 73 pruned. 
[W 2026-04-27 04:06:39,675] The parameter `hpf_sigma` in Trial#77 is sampled independently using `RandomSampler` instead of `TPESampler`, potentially degrading the optimization performance. This fallback happend because dynamic search space is not supported for `multivariate=True`. You can suppress this warning by setting `warn_independent_sampling` to `False` in the constructor of `TPESampler` if this independent sampling is intended behavior.
[I 2026-04-27 04:43:25,927] Trial 77 finished with value: 0.8415094894497483 and parameters: {'use_hpf': 1, 'use_batchnorm': 1, 'hpf_sigma': 1.0762828136760954, 'bottleneck_dim': 195, 'n_enc_layers': 4, 'n_dec_layers': 5, 'base_channels': 45, 'growth_factor': 1.7514734830113219, 'lr': 6.071653212320082e-05, 'batch_size': 32}. Best is trial 63 with value: 0.8509793368031386.
[W 2026-04-27 04:43:26,266] The parameter `hpf_sigma` in Trial#84 is sampled independently using `RandomSampler` instead of `TPESampler`, potentially degrading the optimization performance. This fallback happend because dynamic search space is not supported for `multivariate=True`. You can suppress this warning by setting `warn_independent_sampling` to `False` in the constructor of `TPESampler` if this independent sampling is intended behavior.
[I 2026-04-27 05:08:21,600] Trial 84 finished with value: 0.8421272274689422 and parameters: {'use_hpf': 1, 'use_batchnorm': 1, 'hpf_sigma': 1.0079958097192014, 'bottleneck_dim': 225, 'n_enc_layers': 5, 'n_dec_layers': 5, 'base_channels': 22, 'growth_factor': 1.8104322129064268, 'lr': 0.00023416743091509437, 'batch_size': 8}. Best is trial 63 with value: 0.8509793368031386.
[W 2026-04-27 05:08:21,987] The parameter `hpf_sigma` in Trial#88 is sampled independently using `RandomSampler` instead of `TPESampler`, potentially degrading the optimization performance. This fallback happend because dynamic search space is not supported for `multivariate=True`. You can suppress this warning by setting `warn_independent_sampling` to `False` in the constructor of `TPESampler` if this independent sampling is intended behavior.
[I 2026-04-27 05:17:22,386] Trial 88 pruned. 
[W 2026-04-27 05:17:22,813] The parameter `hpf_sigma` in Trial#89 is sampled independently using `RandomSampler` instead of `TPESampler`, potentially degrading the optimization performance. This fallback happend because dynamic search space is not supported for `multivariate=True`. You can suppress this warning by setting `warn_independent_sampling` to `False` in the constructor of `TPESampler` if this independent sampling is intended behavior.
[I 2026-04-27 05:37:48,457] Trial 89 finished with value: 0.8452134159441087 and parameters: {'use_hpf': 1, 'use_batchnorm': 1, 'hpf_sigma': 1.0138596417492107, 'bottleneck_dim': 216, 'n_enc_layers': 5, 'n_dec_layers': 3, 'base_channels': 34, 'growth_factor': 2.3849741278558407, 'lr': 4.398645664590593e-05, 'batch_size': 16}. Best is trial 63 with value: 0.8509793368031386.
[W 2026-04-27 05:37:48,814] The parameter `hpf_sigma` in Trial#97 is sampled independently using `RandomSampler` instead of `TPESampler`, potentially degrading the optimization performance. This fallback happend because dynamic search space is not supported for `multivariate=True`. You can suppress this warning by setting `warn_independent_sampling` to `False` in the constructor of `TPESampler` if this independent sampling is intended behavior.
[I 2026-04-27 05:45:01,473] Trial 97 finished with value: 0.0 and parameters: {'use_hpf': 1, 'use_batchnorm': 0, 'hpf_sigma': 1.0901796905276622, 'bottleneck_dim': 212, 'n_enc_layers': 5, 'n_dec_layers': 3, 'base_channels': 51, 'growth_factor': 1.9184401490626952, 'lr': 0.003789841604896597, 'batch_size': 24}. Best is trial 63 with value: 0.8509793368031386.
[W 2026-04-27 05:45:01,848] The parameter `hpf_sigma` in Trial#99 is sampled independently using `RandomSampler` instead of `TPESampler`, potentially degrading the optimization performance. This fallback happend because dynamic search space is not supported for `multivariate=True`. You can suppress this warning by setting `warn_independent_sampling` to `False` in the constructor of `TPESampler` if this independent sampling is intended behavior.
[I 2026-04-27 06:10:22,088] Trial 99 finished with value: 0.8388202757320822 and parameters: {'use_hpf': 1, 'use_batchnorm': 1, 'hpf_sigma': 1.0754667785874827, 'bottleneck_dim': 218, 'n_enc_layers': 5, 'n_dec_layers': 2, 'base_channels': 33, 'growth_factor': 2.8187777714195468, 'lr': 1.862365492068831e-05, 'batch_size': 8}. Best is trial 63 with value: 0.8509793368031386.
[W 2026-04-27 06:10:22,435] The parameter `hpf_sigma` in Trial#104 is sampled independently using `RandomSampler` instead of `TPESampler`, potentially degrading the optimization performance. This fallback happend because dynamic search space is not supported for `multivariate=True`. You can suppress this warning by setting `warn_independent_sampling` to `False` in the constructor of `TPESampler` if this independent sampling is intended behavior.
[I 2026-04-27 06:43:25,375] Trial 104 finished with value: 0.8392501343905068 and parameters: {'use_hpf': 1, 'use_batchnorm': 1, 'hpf_sigma': 1.0486478984175855, 'bottleneck_dim': 244, 'n_enc_layers': 5, 'n_dec_layers': 3, 'base_channels': 43, 'growth_factor': 2.3954688080204702, 'lr': 1.0599197914796385e-05, 'batch_size': 8}. Best is trial 63 with value: 0.8509793368031386.
[W 2026-04-27 06:43:25,745] The parameter `hpf_sigma` in Trial#112 is sampled independently using `RandomSampler` instead of `TPESampler`, potentially degrading the optimization performance. This fallback happend because dynamic search space is not supported for `multivariate=True`. You can suppress this warning by setting `warn_independent_sampling` to `False` in the constructor of `TPESampler` if this independent sampling is intended behavior.
[I 2026-04-27 06:53:26,113] Trial 112 pruned. 
[W 2026-04-27 06:53:26,522] The parameter `hpf_sigma` in Trial#114 is sampled independently using `RandomSampler` instead of `TPESampler`, potentially degrading the optimization performance. This fallback happend because dynamic search space is not supported for `multivariate=True`. You can suppress this warning by setting `warn_independent_sampling` to `False` in the constructor of `TPESampler` if this independent sampling is intended behavior.
[I 2026-04-27 07:08:43,184] Trial 114 finished with value: 0.8412269304253424 and parameters: {'use_hpf': 1, 'use_batchnorm': 1, 'hpf_sigma': 1.0378697075138255, 'bottleneck_dim': 193, 'n_enc_layers': 5, 'n_dec_layers': 2, 'base_channels': 19, 'growth_factor': 1.5551019343254573, 'lr': 9.115255698384935e-05, 'batch_size': 16}. Best is trial 63 with value: 0.8509793368031386.
[W 2026-04-27 07:08:44,217] The parameter `hpf_sigma` in Trial#118 is sampled independently using `RandomSampler` instead of `TPESampler`, potentially degrading the optimization performance. This fallback happend because dynamic search space is not supported for `multivariate=True`. You can suppress this warning by setting `warn_independent_sampling` to `False` in the constructor of `TPESampler` if this independent sampling is intended behavior.
[I 2026-04-27 07:15:43,238] Trial 118 pruned. 
[W 2026-04-27 07:15:43,619] The parameter `hpf_sigma` in Trial#121 is sampled independently using `RandomSampler` instead of `TPESampler`, potentially degrading the optimization performance. This fallback happend because dynamic search space is not supported for `multivariate=True`. You can suppress this warning by setting `warn_independent_sampling` to `False` in the constructor of `TPESampler` if this independent sampling is intended behavior.
[I 2026-04-27 08:05:43,856] Trial 121 finished with value: 0.8402308174857565 and parameters: {'use_hpf': 1, 'use_batchnorm': 1, 'hpf_sigma': 1.0328546380184531, 'bottleneck_dim': 46, 'n_enc_layers': 5, 'n_dec_layers': 5, 'base_channels': 57, 'growth_factor': 1.9101999055477452, 'lr': 5.439445322960576e-05, 'batch_size': 56}. Best is trial 63 with value: 0.8509793368031386.
[I 2026-04-27 08:17:09,662] Trial 130 pruned. 
[I 2026-04-27 08:22:36,987] Trial 133 pruned. 
[W 2026-04-27 08:22:37,319] The parameter `hpf_sigma` in Trial#137 is sampled independently using `RandomSampler` instead of `TPESampler`, potentially degrading the optimization performance. This fallback happend because dynamic search space is not supported for `multivariate=True`. You can suppress this warning by setting `warn_independent_sampling` to `False` in the constructor of `TPESampler` if this independent sampling is intended behavior.
[I 2026-04-27 08:35:40,331] Trial 137 pruned. 
[W 2026-04-27 08:35:40,685] The parameter `hpf_sigma` in Trial#141 is sampled independently using `RandomSampler` instead of `TPESampler`, potentially degrading the optimization performance. This fallback happend because dynamic search space is not supported for `multivariate=True`. You can suppress this warning by setting `warn_independent_sampling` to `False` in the constructor of `TPESampler` if this independent sampling is intended behavior.
[I 2026-04-27 08:53:58,411] Trial 141 pruned. 
[W 2026-04-27 08:53:58,746] The parameter `hpf_sigma` in Trial#146 is sampled independently using `RandomSampler` instead of `TPESampler`, potentially degrading the optimization performance. This fallback happend because dynamic search space is not supported for `multivariate=True`. You can suppress this warning by setting `warn_independent_sampling` to `False` in the constructor of `TPESampler` if this independent sampling is intended behavior.
[I 2026-04-27 09:08:30,597] Trial 146 finished with value: 0.8518867376859625 and parameters: {'use_hpf': 1, 'use_batchnorm': 1, 'hpf_sigma': 1.0087905251907134, 'bottleneck_dim': 187, 'n_enc_layers': 2, 'n_dec_layers': 4, 'base_channels': 41, 'growth_factor': 2.430288307997319, 'lr': 0.000918281208611383, 'batch_size': 16}. Best is trial 140 with value: 0.8606652115254063.
[W 2026-04-27 09:08:30,949] The parameter `hpf_sigma` in Trial#147 is sampled independently using `RandomSampler` instead of `TPESampler`, potentially degrading the optimization performance. This fallback happend because dynamic search space is not supported for `multivariate=True`. You can suppress this warning by setting `warn_independent_sampling` to `False` in the constructor of `TPESampler` if this independent sampling is intended behavior.
[I 2026-04-27 09:20:09,282] Trial 147 pruned. 
[W 2026-04-27 09:20:09,617] The parameter `hpf_sigma` in Trial#150 is sampled independently using `RandomSampler` instead of `TPESampler`, potentially degrading the optimization performance. This fallback happend because dynamic search space is not supported for `multivariate=True`. You can suppress this warning by setting `warn_independent_sampling` to `False` in the constructor of `TPESampler` if this independent sampling is intended behavior.
[I 2026-04-27 09:47:41,944] Trial 150 finished with value: 0.8448278321546117 and parameters: {'use_hpf': 1, 'use_batchnorm': 1, 'hpf_sigma': 1.0143707738840786, 'bottleneck_dim': 244, 'n_enc_layers': 5, 'n_dec_layers': 5, 'base_channels': 47, 'growth_factor': 1.8574958284772434, 'lr': 0.00010285194572972464, 'batch_size': 24}. Best is trial 140 with value: 0.8606652115254063.
[W 2026-04-27 09:47:42,317] The parameter `hpf_sigma` in Trial#154 is sampled independently using `RandomSampler` instead of `TPESampler`, potentially degrading the optimization performance. This fallback happend because dynamic search space is not supported for `multivariate=True`. You can suppress this warning by setting `warn_independent_sampling` to `False` in the constructor of `TPESampler` if this independent sampling is intended behavior.
[I 2026-04-27 09:59:39,271] Trial 154 pruned. 
[W 2026-04-27 09:59:39,613] The parameter `hpf_sigma` in Trial#157 is sampled independently using `RandomSampler` instead of `TPESampler`, potentially degrading the optimization performance. This fallback happend because dynamic search space is not supported for `multivariate=True`. You can suppress this warning by setting `warn_independent_sampling` to `False` in the constructor of `TPESampler` if this independent sampling is intended behavior.
[I 2026-04-27 10:09:52,043] Trial 157 pruned. 
[I 2026-04-27 10:22:36,597] Trial 160 pruned. 
[W 2026-04-27 10:22:36,943] The parameter `hpf_sigma` in Trial#162 is sampled independently using `RandomSampler` instead of `TPESampler`, potentially degrading the optimization performance. This fallback happend because dynamic search space is not supported for `multivariate=True`. You can suppress this warning by setting `warn_independent_sampling` to `False` in the constructor of `TPESampler` if this independent sampling is intended behavior.
