[I 2026-04-27 10:39:37,041] Trial 162 finished with value: 0.844878399268228 and parameters: {'use_hpf': 1, 'use_batchnorm': 1, 'hpf_sigma': 1.0102334758719391, 'bottleneck_dim': 152, 'n_enc_layers': 2, 'n_dec_layers': 4, 'base_channels': 64, 'growth_factor': 2.1541575076077466, 'lr': 0.000602072369762837, 'batch_size': 8}. Best is trial 140 with value: 0.8606652115254063.
[W 2026-04-27 10:39:37,436] The parameter `hpf_sigma` in Trial#164 is sampled independently using `RandomSampler` instead of `TPESampler`, potentially degrading the optimization performance. This fallback happend because dynamic search space is not supported for `multivariate=True`. You can suppress this warning by setting `warn_independent_sampling` to `False` in the constructor of `TPESampler` if this independent sampling is intended behavior.
[I 2026-04-27 10:56:47,256] Trial 164 pruned. 
[W 2026-04-27 10:56:50,684] The parameter `hpf_sigma` in Trial#168 is sampled independently using `RandomSampler` instead of `TPESampler`, potentially degrading the optimization performance. This fallback happend because dynamic search space is not supported for `multivariate=True`. You can suppress this warning by setting `warn_independent_sampling` to `False` in the constructor of `TPESampler` if this independent sampling is intended behavior.
[I 2026-04-27 11:07:50,522] Trial 168 pruned. 
[W 2026-04-27 11:07:50,865] The parameter `hpf_sigma` in Trial#171 is sampled independently using `RandomSampler` instead of `TPESampler`, potentially degrading the optimization performance. This fallback happend because dynamic search space is not supported for `multivariate=True`. You can suppress this warning by setting `warn_independent_sampling` to `False` in the constructor of `TPESampler` if this independent sampling is intended behavior.
[I 2026-04-27 11:20:44,724] Trial 171 finished with value: 0.8332902137930969 and parameters: {'use_hpf': 1, 'use_batchnorm': 1, 'hpf_sigma': 1.0406328306493473, 'bottleneck_dim': 130, 'n_enc_layers': 2, 'n_dec_layers': 4, 'base_channels': 44, 'growth_factor': 2.332499671424319, 'lr': 0.0007095198681416727, 'batch_size': 8}. Best is trial 140 with value: 0.8606652115254063.
[I 2026-04-27 11:35:50,272] Trial 174 pruned. 
[W 2026-04-27 11:35:50,627] The parameter `hpf_sigma` in Trial#177 is sampled independently using `RandomSampler` instead of `TPESampler`, potentially degrading the optimization performance. This fallback happend because dynamic search space is not supported for `multivariate=True`. You can suppress this warning by setting `warn_independent_sampling` to `False` in the constructor of `TPESampler` if this independent sampling is intended behavior.
[I 2026-04-27 11:43:34,597] Trial 177 pruned. 
[W 2026-04-27 11:43:34,957] The parameter `hpf_sigma` in Trial#179 is sampled independently using `RandomSampler` instead of `TPESampler`, potentially degrading the optimization performance. This fallback happend because dynamic search space is not supported for `multivariate=True`. You can suppress this warning by setting `warn_independent_sampling` to `False` in the constructor of `TPESampler` if this independent sampling is intended behavior.
[I 2026-04-27 11:56:56,980] Trial 179 finished with value: 0.8468356406488555 and parameters: {'use_hpf': 1, 'use_batchnorm': 1, 'hpf_sigma': 1.0274711741555471, 'bottleneck_dim': 194, 'n_enc_layers': 2, 'n_dec_layers': 4, 'base_channels': 26, 'growth_factor': 2.977426307342182, 'lr': 0.0013754087136407832, 'batch_size': 32}. Best is trial 140 with value: 0.8606652115254063.
[W 2026-04-27 11:56:57,338] The parameter `hpf_sigma` in Trial#183 is sampled independently using `RandomSampler` instead of `TPESampler`, potentially degrading the optimization performance. This fallback happend because dynamic search space is not supported for `multivariate=True`. You can suppress this warning by setting `warn_independent_sampling` to `False` in the constructor of `TPESampler` if this independent sampling is intended behavior.
[I 2026-04-27 12:01:46,748] Trial 183 pruned. 
[W 2026-04-27 12:01:47,128] The parameter `hpf_sigma` in Trial#184 is sampled independently using `RandomSampler` instead of `TPESampler`, potentially degrading the optimization performance. This fallback happend because dynamic search space is not supported for `multivariate=True`. You can suppress this warning by setting `warn_independent_sampling` to `False` in the constructor of `TPESampler` if this independent sampling is intended behavior.
[I 2026-04-27 12:09:28,145] Trial 184 pruned. 
[W 2026-04-27 12:09:28,544] The parameter `hpf_sigma` in Trial#185 is sampled independently using `RandomSampler` instead of `TPESampler`, potentially degrading the optimization performance. This fallback happend because dynamic search space is not supported for `multivariate=True`. You can suppress this warning by setting `warn_independent_sampling` to `False` in the constructor of `TPESampler` if this independent sampling is intended behavior.
[I 2026-04-27 12:16:55,384] Trial 185 pruned. 
[W 2026-04-27 12:16:55,681] The parameter `hpf_sigma` in Trial#187 is sampled independently using `RandomSampler` instead of `TPESampler`, potentially degrading the optimization performance. This fallback happend because dynamic search space is not supported for `multivariate=True`. You can suppress this warning by setting `warn_independent_sampling` to `False` in the constructor of `TPESampler` if this independent sampling is intended behavior.
[I 2026-04-27 12:28:14,613] Trial 187 pruned. 
[W 2026-04-27 12:28:14,929] The parameter `hpf_sigma` in Trial#190 is sampled independently using `RandomSampler` instead of `TPESampler`, potentially degrading the optimization performance. This fallback happend because dynamic search space is not supported for `multivariate=True`. You can suppress this warning by setting `warn_independent_sampling` to `False` in the constructor of `TPESampler` if this independent sampling is intended behavior.
[I 2026-04-27 12:38:14,935] Trial 190 pruned. 
[W 2026-04-27 12:38:15,246] The parameter `hpf_sigma` in Trial#191 is sampled independently using `RandomSampler` instead of `TPESampler`, potentially degrading the optimization performance. This fallback happend because dynamic search space is not supported for `multivariate=True`. You can suppress this warning by setting `warn_independent_sampling` to `False` in the constructor of `TPESampler` if this independent sampling is intended behavior.
[I 2026-04-27 12:45:35,252] Trial 191 pruned. 
[W 2026-04-27 12:45:36,255] The parameter `hpf_sigma` in Trial#192 is sampled independently using `RandomSampler` instead of `TPESampler`, potentially degrading the optimization performance. This fallback happend because dynamic search space is not supported for `multivariate=True`. You can suppress this warning by setting `warn_independent_sampling` to `False` in the constructor of `TPESampler` if this independent sampling is intended behavior.
[I 2026-04-27 13:04:33,134] Trial 192 finished with value: 0.8427425498008729 and parameters: {'use_hpf': 1, 'use_batchnorm': 1, 'hpf_sigma': 1.0086013839709582, 'bottleneck_dim': 250, 'n_enc_layers': 5, 'n_dec_layers': 3, 'base_channels': 62, 'growth_factor': 1.6866138268914386, 'lr': 0.00022462020349196278, 'batch_size': 16}. Best is trial 140 with value: 0.8606652115254063.
[W 2026-04-27 13:04:33,473] The parameter `hpf_sigma` in Trial#194 is sampled independently using `RandomSampler` instead of `TPESampler`, potentially degrading the optimization performance. This fallback happend because dynamic search space is not supported for `multivariate=True`. You can suppress this warning by setting `warn_independent_sampling` to `False` in the constructor of `TPESampler` if this independent sampling is intended behavior.
[I 2026-04-27 13:30:06,363] Trial 194 finished with value: 0.8472821417693335 and parameters: {'use_hpf': 1, 'use_batchnorm': 1, 'hpf_sigma': 1.0272345818823128, 'bottleneck_dim': 222, 'n_enc_layers': 5, 'n_dec_layers': 5, 'base_channels': 51, 'growth_factor': 1.8814705972676367, 'lr': 9.109938827723845e-05, 'batch_size': 16}. Best is trial 140 with value: 0.8606652115254063.
[worker 0 | 13:30:06] Worker done. Study totals: complete=101, pruned=96, failed=0, all=198
